Log file open, 02/09/22 10:12:35
LogWindows: Failed to load 'aqProf.dll' (GetLastError=126)
LogWindows: File 'aqProf.dll' does not exist
LogWindows: Failed to load 'VtuneApi.dll' (GetLastError=126)
LogWindows: File 'VtuneApi.dll' does not exist
LogWindows: Failed to load 'VtuneApi32e.dll' (GetLastError=126)
LogWindows: File 'VtuneApi32e.dll' does not exist
LogConsoleResponse: Display: Failed to find resolution value strings in scalability ini. Falling back to default.
LogConsoleResponse: Display: Failed to find resolution value strings in scalability ini. Falling back to default.
LogInit: Display: Running engine for game: FirstMenu
LogPlatformFile: Not using cached read wrapper
LogTaskGraph: Started task graph with 5 named threads and 35 total threads with 3 sets of task threads.
LogStats: Stats thread started at 0.255327
LogICUInternationalization: ICU TimeZone Detection - Raw Offset: +1:00, Platform Override: ''
LogInit: Display: Loading text-based GConfig....
LogPluginManager: Mounting plugin MeshPainting
LogPluginManager: Mounting plugin XGEController
LogPluginManager: Mounting plugin Paper2D
LogPluginManager: Mounting plugin LightPropagationVolume
LogPluginManager: Mounting plugin AISupport
LogPluginManager: Mounting plugin OodleData
LogPluginManager: Mounting plugin AnimationSharing
LogPluginManager: Mounting plugin OodleNetwork
LogPluginManager: Mounting plugin EnvironmentQueryEditor
LogPluginManager: Mounting plugin CLionSourceCodeAccess
LogPluginManager: Mounting plugin GitSourceControl
LogPluginManager: Mounting plugin NullSourceCodeAccess
LogPluginManager: Mounting plugin GameplayCameras
LogPluginManager: Mounting plugin CameraShakePreviewer
LogPluginManager: Mounting plugin KDevelopSourceCodeAccess
LogPluginManager: Mounting plugin PerforceSourceControl
LogPluginManager: Mounting plugin PixWinPlugin
LogPluginManager: Mounting plugin CodeLiteSourceCodeAccess
LogPluginManager: Mounting plugin PlasticSourceControl
LogPluginManager: Mounting plugin PropertyAccessNode
LogPluginManager: Mounting plugin PluginUtils
LogPluginManager: Mounting plugin AssetManagerEditor
LogPluginManager: Mounting plugin SubversionSourceControl
LogPluginManager: Mounting plugin XCodeSourceCodeAccess
LogPluginManager: Mounting plugin TextureFormatOodle
LogPluginManager: Mounting plugin VisualStudioCodeSourceCodeAccess
LogPluginManager: Mounting plugin VisualStudioSourceCodeAccess
LogPluginManager: Mounting plugin UObjectPlugin
LogPluginManager: Mounting plugin CurveEditorTools
LogPluginManager: Mounting plugin FacialAnimation
LogPluginManager: Mounting plugin CryptoKeys
LogPluginManager: Mounting plugin RiderSourceCodeAccess
LogPluginManager: Mounting plugin DataValidation
LogPluginManager: Mounting plugin GeometryMode
LogPluginManager: Mounting plugin GameplayTagsEditor
LogPluginManager: Mounting plugin MobileLauncherProfileWizard
LogPluginManager: Mounting plugin MacGraphicsSwitching
LogPluginManager: Mounting plugin PluginBrowser
LogPluginManager: Mounting plugin MaterialAnalyzer
LogPluginManager: Mounting plugin SpeedTreeImporter
LogPluginManager: Mounting plugin AlembicImporter
LogPluginManager: Mounting plugin BackChannel
LogPluginManager: Mounting plugin Niagara
LogPluginManager: Mounting plugin AutomationUtils
LogPluginManager: Mounting plugin ChaosCloth
LogPluginManager: Mounting plugin ChaosEditor
LogPluginManager: Mounting plugin ChaosClothEditor
LogPluginManager: Mounting plugin ChaosNiagara
LogPluginManager: Mounting plugin CharacterAI
LogPluginManager: Mounting plugin ChaosSolverPlugin
LogPluginManager: Mounting plugin GeometryCollectionPlugin
LogPluginManager: Mounting plugin GeometryCache
LogPluginManager: Mounting plugin OpenImageDenoise
LogPluginManager: Mounting plugin MotoSynth
LogPluginManager: Mounting plugin PlanarCut
LogPluginManager: Mounting plugin PythonScriptPlugin
LogPluginManager: Mounting plugin ProxyLODPlugin
LogPluginManager: Mounting plugin GeometryProcessing
LogPluginManager: Mounting plugin AndroidMedia
LogPluginManager: Mounting plugin PlatformCrypto
LogPluginManager: Mounting plugin AvfMedia
LogPluginManager: Mounting plugin SkeletalReduction
LogPluginManager: Mounting plugin ImgMedia
LogPluginManager: Mounting plugin MediaCompositing
LogPluginManager: Mounting plugin WebMMedia
LogPluginManager: Mounting plugin UdpMessaging
LogPluginManager: Mounting plugin WmfMedia
LogPluginManager: Mounting plugin DatasmithContent
LogPluginManager: Mounting plugin TcpMessaging
LogPluginManager: Mounting plugin LuminPlatformFeatures
LogPluginManager: Mounting plugin VariantManagerContent
LogPluginManager: Mounting plugin MagicLeap
LogPluginManager: Mounting plugin MediaPlayerEditor
LogPluginManager: Mounting plugin MagicLeapLightEstimation
LogPluginManager: Mounting plugin MagicLeapMedia
LogPluginManager: Mounting plugin ActorSequence
LogPluginManager: Mounting plugin MatineeToLevelSequence
LogPluginManager: Mounting plugin LevelSequenceEditor
LogPluginManager: Mounting plugin MLSDK
LogPluginManager: Mounting plugin MagicLeapPassableWorld
LogPluginManager: Mounting plugin OnlineSubsystem
LogPluginManager: Mounting plugin TemplateSequence
LogPluginManager: Mounting plugin OnlineSubsystemNull
LogPluginManager: Mounting plugin OnlineSubsystemUtils
LogPluginManager: Mounting plugin LauncherChunkInstaller
LogPluginManager: Mounting plugin ActorLayerUtilities
LogPluginManager: Mounting plugin AndroidDeviceProfileSelector
LogPluginManager: Mounting plugin AndroidMoviePlayer
LogPluginManager: Mounting plugin AppleImageUtils
LogPluginManager: Mounting plugin AudioCapture
LogPluginManager: Mounting plugin ArchVisCharacter
LogPluginManager: Mounting plugin AndroidPermission
LogPluginManager: Mounting plugin AppleMoviePlayer
LogPluginManager: Mounting plugin AssetTags
LogPluginManager: Mounting plugin CableComponent
LogPluginManager: Mounting plugin CustomMeshComponent
LogPluginManager: Mounting plugin AudioSynesthesia
LogPluginManager: Mounting plugin ChunkDownloader
LogPluginManager: Mounting plugin ExampleDeviceProfileSelector
LogPluginManager: Mounting plugin EditableMesh
LogPluginManager: Mounting plugin GooglePAD
LogPluginManager: Mounting plugin GoogleCloudMessaging
LogPluginManager: Mounting plugin LocationServicesBPLibrary
LogPluginManager: Mounting plugin IOSDeviceProfileSelector
LogPluginManager: Mounting plugin LinuxDeviceProfileSelector
LogPluginManager: Mounting plugin MobilePatchingUtils
LogPluginManager: Mounting plugin OpenXR
LogPluginManager: Mounting plugin OpenXREyeTracker
LogPluginManager: Mounting plugin OpenXRHandTracking
LogPluginManager: Mounting plugin ProceduralMeshComponent
LogPluginManager: Mounting plugin PropertyAccessEditor
LogPluginManager: Mounting plugin PhysXVehicles
LogPluginManager: Mounting plugin PostSplashScreen
LogPluginManager: Mounting plugin RuntimePhysXCooking
LogPluginManager: Mounting plugin SignificanceManager
LogPluginManager: Mounting plugin SoundFields
LogPluginManager: Mounting plugin Synthesis
LogPluginManager: Mounting plugin WebMMoviePlayer
LogPluginManager: Mounting plugin WindowsMoviePlayer
LogPluginManager: Mounting plugin Takes
LogPluginManager: Mounting plugin LiveLink
LogPluginManager: Mounting plugin ScreenshotTools
LogPluginManager: Mounting plugin ContentBrowserAssetDataSource
LogPluginManager: Mounting plugin ContentBrowserClassDataSource
LogPluginManager: Mounting plugin ContentBrowserFileDataSource
LogPluginManager: Mounting plugin OnlineSubsystemGooglePlay
LogPluginManager: Mounting plugin OnlineSubsystemIOS
LogPluginManager: Mounting plugin OculusVR
LogPluginManager: Mounting plugin SteamVR
PixWinPlugin: PIX capture plugin failed to initialize! Check that the process is launched from PIX.
LogInit: Using libcurl 7.55.1-DEV
LogInit:  - built for x86_64-pc-win32
LogInit:  - supports SSL with OpenSSL/1.1.1
LogInit:  - supports HTTP deflate (compression) using libz 1.2.8
LogInit:  - other features:
LogInit:      CURL_VERSION_SSL
LogInit:      CURL_VERSION_LIBZ
LogInit:      CURL_VERSION_IPV6
LogInit:      CURL_VERSION_ASYNCHDNS
LogInit:      CURL_VERSION_LARGEFILE
LogInit:      CURL_VERSION_IDN
LogInit:  CurlRequestOptions (configurable via config and command line):
LogInit:  - bVerifyPeer = true  - Libcurl will verify peer certificate
LogInit:  - bUseHttpProxy = false  - Libcurl will NOT use HTTP proxy
LogInit:  - bDontReuseConnections = false  - Libcurl will reuse connections
LogInit:  - MaxHostConnections = 16  - Libcurl will limit the number of connections to a host
LogInit:  - LocalHostAddr = Default
LogInit:  - BufferSize = 65536
LogOnline: OSS: Creating online subsystem instance for: NULL
LogInit: WinSock: version 1.1 (2.2), MaxSocks=32767, MaxUdp=65467
LogOnline: OSS: TryLoadSubsystemAndSetDefault: Loaded subsystem for module [NULL]
LogOculusPluginWrapper: OculusPlugin initialized successfully
LogHMD: Failed initializing OVRPlugin 1.59.0
LogInit: Build: ++UE4+Release-4.27-CL-17735300
LogInit: Engine Version: 4.27.1-17735300+++UE4+Release-4.27
LogInit: Compatible Engine Version: 4.27.0-17155196+++UE4+Release-4.27
LogInit: Net CL: 17155196
LogInit: OS: Windows 10 (Release 2009) (), CPU: AMD Ryzen 5 4600H with Radeon Graphics         , GPU: AMD Radeon(TM) Graphics
LogInit: Compiled (64-bit): Oct  6 2021 14:42:51
LogInit: Compiled with Visual C++: 19.24.28315.00
LogInit: Build Configuration: Development
LogInit: Branch Name: ++UE4+Release-4.27
LogInit: Command Line: 
LogInit: Base Directory: D:/Unreal_Engine/UE_4.27/Engine/Binaries/Win64/
LogInit: Allocator: TBB
LogInit: Installed Engine Build: 1
LogDevObjectVersion: Number of dev versions registered: 29
LogDevObjectVersion:   Dev-Blueprints (B0D832E4-1F89-4F0D-ACCF-7EB736FD4AA2): 10
LogDevObjectVersion:   Dev-Build (E1C64328-A22C-4D53-A36C-8E866417BD8C): 0
LogDevObjectVersion:   Dev-Core (375EC13C-06E4-48FB-B500-84F0262A717E): 4
LogDevObjectVersion:   Dev-Editor (E4B068ED-F494-42E9-A231-DA0B2E46BB41): 40
LogDevObjectVersion:   Dev-Framework (CFFC743F-43B0-4480-9391-14DF171D2073): 37
LogDevObjectVersion:   Dev-Mobile (B02B49B5-BB20-44E9-A304-32B752E40360): 3
LogDevObjectVersion:   Dev-Networking (A4E4105C-59A1-49B5-A7C5-40C4547EDFEE): 0
LogDevObjectVersion:   Dev-Online (39C831C9-5AE6-47DC-9A44-9C173E1C8E7C): 0
LogDevObjectVersion:   Dev-Physics (78F01B33-EBEA-4F98-B9B4-84EACCB95AA2): 14
LogDevObjectVersion:   Dev-Platform (6631380F-2D4D-43E0-8009-CF276956A95A): 0
LogDevObjectVersion:   Dev-Rendering (12F88B9F-8875-4AFC-A67C-D90C383ABD29): 45
LogDevObjectVersion:   Dev-Sequencer (7B5AE74C-D270-4C10-A958-57980B212A5A): 13
LogDevObjectVersion:   Dev-VR (D7296918-1DD6-4BDD-9DE2-64A83CC13884): 3
LogDevObjectVersion:   Dev-LoadTimes (C2A15278-BFE7-4AFE-6C17-90FF531DF755): 1
LogDevObjectVersion:   Private-Geometry (6EACA3D4-40EC-4CC1-B786-8BED09428FC5): 3
LogDevObjectVersion:   Dev-AnimPhys (29E575DD-E0A3-4627-9D10-D276232CDCEA): 17
LogDevObjectVersion:   Dev-Anim (AF43A65D-7FD3-4947-9873-3E8ED9C1BB05): 15
LogDevObjectVersion:   Dev-ReflectionCapture (6B266CEC-1EC7-4B8F-A30B-E4D90942FC07): 1
LogDevObjectVersion:   Dev-Automation (0DF73D61-A23F-47EA-B727-89E90C41499A): 1
LogDevObjectVersion:   FortniteMain (601D1886-AC64-4F84-AA16-D3DE0DEAC7D6): 47
LogDevObjectVersion:   FortniteRelease (E7086368-6B23-4C58-8439-1B7016265E91): 1
LogDevObjectVersion:   Dev-Enterprise (9DFFBCD6-494F-0158-E221-12823C92A888): 10
LogDevObjectVersion:   Dev-Niagara (F2AED0AC-9AFE-416F-8664-AA7FFA26D6FC): 1
LogDevObjectVersion:   Dev-Destruction (174F1F0B-B4C6-45A5-B13F-2EE8D0FB917D): 10
LogDevObjectVersion:   Dev-Physics-Ext (35F94A83-E258-406C-A318-09F59610247C): 41
LogDevObjectVersion:   Dev-PhysicsMaterial-Chaos (B68FC16E-8B1B-42E2-B453-215C058844FE): 1
LogDevObjectVersion:   Dev-CineCamera (B2E18506-4273-CFC2-A54E-F4BB758BBA07): 1
LogDevObjectVersion:   Dev-VirtualProduction (64F58936-FD1B-42BA-BA96-7289D5D0FA4E): 1
LogDevObjectVersion:   Dev-MediaFramework (6F0ED827-A609-4895-9C91-998D90180EA4): 2
LogInit: Presizing for max 25165824 objects, including 0 objects not considered by GC, pre-allocating 0 bytes for permanent pool.
LogConfig: Applying CVar settings from Section [/Script/Engine.StreamingSettings] File [D:/Ydays/FirstMenu/Saved/Config/Windows/Engine.ini]
LogConfig: Setting CVar [[s.MinBulkDataSizeForAsyncLoading:131072]]
LogConfig: Setting CVar [[s.AsyncLoadingThreadEnabled:0]]
LogConfig: Setting CVar [[s.EventDrivenLoaderEnabled:1]]
LogConfig: Setting CVar [[s.WarnIfTimeLimitExceeded:0]]
LogConfig: Setting CVar [[s.TimeLimitExceededMultiplier:1.5]]
LogConfig: Setting CVar [[s.TimeLimitExceededMinTime:0.005]]
LogConfig: Setting CVar [[s.UseBackgroundLevelStreaming:1]]
LogConfig: Setting CVar [[s.PriorityAsyncLoadingExtraTime:15.0]]
LogConfig: Setting CVar [[s.LevelStreamingActorsUpdateTimeLimit:5.0]]
LogConfig: Setting CVar [[s.PriorityLevelStreamingActorsUpdateExtraTime:5.0]]
LogConfig: Setting CVar [[s.LevelStreamingComponentsRegistrationGranularity:10]]
LogConfig: Setting CVar [[s.UnregisterComponentsTimeLimit:1.0]]
LogConfig: Setting CVar [[s.LevelStreamingComponentsUnregistrationGranularity:5]]
LogConfig: Setting CVar [[s.FlushStreamingOnExit:1]]
LogInit: Object subsystem initialized
LogConfig: Setting CVar [[con.DebugEarlyDefault:1]]
LogConfig: Setting CVar [[r.setres:1280x720]]
[2022.02.09-09.12.35:665][  0]LogConfig: Setting CVar [[r.VSync:0]]
[2022.02.09-09.12.35:665][  0]LogConfig: Setting CVar [[r.RHICmdBypass:0]]
[2022.02.09-09.12.35:665][  0]LogConfig: Applying CVar settings from Section [/Script/Engine.RendererSettings] File [D:/Ydays/FirstMenu/Saved/Config/Windows/Engine.ini]
[2022.02.09-09.12.35:665][  0]LogConfig: Setting CVar [[r.GPUCrashDebugging:0]]
[2022.02.09-09.12.35:665][  0]LogConfig: Setting CVar [[r.SkinCache.CompileShaders:1]]
[2022.02.09-09.12.35:665][  0]LogConfig: Setting CVar [[r.RayTracing:1]]
[2022.02.09-09.12.35:665][  0]LogConfig: Applying CVar settings from Section [/Script/Engine.RendererOverrideSettings] File [D:/Ydays/FirstMenu/Saved/Config/Windows/Engine.ini]
[2022.02.09-09.12.35:665][  0]LogConfig: Applying CVar settings from Section [/Script/Engine.StreamingSettings] File [D:/Ydays/FirstMenu/Saved/Config/Windows/Engine.ini]
[2022.02.09-09.12.35:665][  0]LogConfig: Setting CVar [[s.MinBulkDataSizeForAsyncLoading:131072]]
[2022.02.09-09.12.35:666][  0]LogConfig: Setting CVar [[s.AsyncLoadingThreadEnabled:0]]
[2022.02.09-09.12.35:666][  0]LogConfig: Setting CVar [[s.EventDrivenLoaderEnabled:1]]
[2022.02.09-09.12.35:666][  0]LogConfig: Setting CVar [[s.WarnIfTimeLimitExceeded:0]]
[2022.02.09-09.12.35:666][  0]LogConfig: Setting CVar [[s.TimeLimitExceededMultiplier:1.5]]
[2022.02.09-09.12.35:666][  0]LogConfig: Setting CVar [[s.TimeLimitExceededMinTime:0.005]]
[2022.02.09-09.12.35:666][  0]LogConfig: Setting CVar [[s.UseBackgroundLevelStreaming:1]]
[2022.02.09-09.12.35:666][  0]LogConfig: Setting CVar [[s.PriorityAsyncLoadingExtraTime:15.0]]
[2022.02.09-09.12.35:666][  0]LogConfig: Setting CVar [[s.LevelStreamingActorsUpdateTimeLimit:5.0]]
[2022.02.09-09.12.35:666][  0]LogConfig: Setting CVar [[s.PriorityLevelStreamingActorsUpdateExtraTime:5.0]]
[2022.02.09-09.12.35:666][  0]LogConfig: Setting CVar [[s.LevelStreamingComponentsRegistrationGranularity:10]]
[2022.02.09-09.12.35:666][  0]LogConfig: Setting CVar [[s.UnregisterComponentsTimeLimit:1.0]]
[2022.02.09-09.12.35:666][  0]LogConfig: Setting CVar [[s.LevelStreamingComponentsUnregistrationGranularity:5]]
[2022.02.09-09.12.35:666][  0]LogConfig: Setting CVar [[s.FlushStreamingOnExit:1]]
[2022.02.09-09.12.35:666][  0]LogConfig: Applying CVar settings from Section [/Script/Engine.GarbageCollectionSettings] File [D:/Ydays/FirstMenu/Saved/Config/Windows/Engine.ini]
[2022.02.09-09.12.35:666][  0]LogConfig: Setting CVar [[gc.MaxObjectsNotConsideredByGC:1]]
[2022.02.09-09.12.35:666][  0]LogConfig: Setting CVar [[gc.SizeOfPermanentObjectPool:0]]
[2022.02.09-09.12.35:666][  0]LogConfig: Setting CVar [[gc.FlushStreamingOnGC:0]]
[2022.02.09-09.12.35:666][  0]LogConfig: Setting CVar [[gc.NumRetriesBeforeForcingGC:10]]
[2022.02.09-09.12.35:666][  0]LogConfig: Setting CVar [[gc.AllowParallelGC:1]]
[2022.02.09-09.12.35:666][  0]LogConfig: Setting CVar [[gc.TimeBetweenPurgingPendingKillObjects:61.1]]
[2022.02.09-09.12.35:666][  0]LogConfig: Setting CVar [[gc.MaxObjectsInEditor:25165824]]
[2022.02.09-09.12.35:666][  0]LogConfig: Setting CVar [[gc.IncrementalBeginDestroyEnabled:1]]
[2022.02.09-09.12.35:666][  0]LogConfig: Setting CVar [[gc.CreateGCClusters:1]]
[2022.02.09-09.12.35:666][  0]LogConfig: Setting CVar [[gc.MinGCClusterSize:5]]
[2022.02.09-09.12.35:666][  0]LogConfig: Setting CVar [[gc.ActorClusteringEnabled:0]]
[2022.02.09-09.12.35:666][  0]LogConfig: Setting CVar [[gc.BlueprintClusteringEnabled:0]]
[2022.02.09-09.12.35:666][  0]LogConfig: Setting CVar [[gc.UseDisregardForGCOnDedicatedServers:0]]
[2022.02.09-09.12.35:666][  0]LogConfig: Setting CVar [[gc.MultithreadedDestructionEnabled:1]]
[2022.02.09-09.12.35:666][  0]LogConfig: Applying CVar settings from Section [/Script/Engine.NetworkSettings] File [D:/Ydays/FirstMenu/Saved/Config/Windows/Engine.ini]
[2022.02.09-09.12.35:666][  0]LogConfig: Applying CVar settings from Section [/Script/UnrealEd.CookerSettings] File [D:/Ydays/FirstMenu/Saved/Config/Windows/Engine.ini]
[2022.02.09-09.12.35:673][  0]LogConfig: Applying CVar settings from Section [ViewDistanceQuality@3] File [D:/Ydays/FirstMenu/Saved/Config/Windows/Scalability.ini]
[2022.02.09-09.12.35:673][  0]LogConfig: Setting CVar [[r.SkeletalMeshLODBias:0]]
[2022.02.09-09.12.35:673][  0]LogConfig: Setting CVar [[r.ViewDistanceScale:1.0]]
[2022.02.09-09.12.35:673][  0]LogConfig: Applying CVar settings from Section [AntiAliasingQuality@3] File [D:/Ydays/FirstMenu/Saved/Config/Windows/Scalability.ini]
[2022.02.09-09.12.35:673][  0]LogConfig: Setting CVar [[r.PostProcessAAQuality:4]]
[2022.02.09-09.12.35:673][  0]LogConfig: Applying CVar settings from Section [ShadowQuality@3] File [D:/Ydays/FirstMenu/Saved/Config/Windows/Scalability.ini]
[2022.02.09-09.12.35:673][  0]LogConfig: Setting CVar [[r.LightFunctionQuality:1]]
[2022.02.09-09.12.35:673][  0]LogConfig: Setting CVar [[r.ShadowQuality:5]]
[2022.02.09-09.12.35:673][  0]LogConfig: Setting CVar [[r.Shadow.CSM.MaxCascades:10]]
[2022.02.09-09.12.35:673][  0]LogConfig: Setting CVar [[r.Shadow.MaxResolution:2048]]
[2022.02.09-09.12.35:673][  0]LogConfig: Setting CVar [[r.Shadow.MaxCSMResolution:2048]]
[2022.02.09-09.12.35:673][  0]LogConfig: Setting CVar [[r.Shadow.RadiusThreshold:0.01]]
[2022.02.09-09.12.35:673][  0]LogConfig: Setting CVar [[r.Shadow.DistanceScale:1.0]]
[2022.02.09-09.12.35:673][  0]LogConfig: Setting CVar [[r.Shadow.CSM.TransitionScale:1.0]]
[2022.02.09-09.12.35:673][  0]LogConfig: Setting CVar [[r.Shadow.PreShadowResolutionFactor:1.0]]
[2022.02.09-09.12.35:673][  0]LogConfig: Setting CVar [[r.DistanceFieldShadowing:1]]
[2022.02.09-09.12.35:673][  0]LogConfig: Setting CVar [[r.DistanceFieldAO:1]]
[2022.02.09-09.12.35:673][  0]LogConfig: Setting CVar [[r.AOQuality:2]]
[2022.02.09-09.12.35:673][  0]LogConfig: Setting CVar [[r.VolumetricFog:1]]
[2022.02.09-09.12.35:673][  0]LogConfig: Setting CVar [[r.VolumetricFog.GridPixelSize:8]]
[2022.02.09-09.12.35:673][  0]LogConfig: Setting CVar [[r.VolumetricFog.GridSizeZ:128]]
[2022.02.09-09.12.35:673][  0]LogConfig: Setting CVar [[r.VolumetricFog.HistoryMissSupersampleCount:4]]
[2022.02.09-09.12.35:673][  0]LogConfig: Setting CVar [[r.LightMaxDrawDistanceScale:1]]
[2022.02.09-09.12.35:673][  0]LogConfig: Setting CVar [[r.CapsuleShadows:1]]
[2022.02.09-09.12.35:673][  0]LogConfig: Applying CVar settings from Section [PostProcessQuality@3] File [D:/Ydays/FirstMenu/Saved/Config/Windows/Scalability.ini]
[2022.02.09-09.12.35:673][  0]LogConfig: Setting CVar [[r.MotionBlurQuality:4]]
[2022.02.09-09.12.35:673][  0]LogConfig: Setting CVar [[r.AmbientOcclusionMipLevelFactor:0.4]]
[2022.02.09-09.12.35:673][  0]LogConfig: Setting CVar [[r.AmbientOcclusionMaxQuality:100]]
[2022.02.09-09.12.35:673][  0]LogConfig: Setting CVar [[r.AmbientOcclusionLevels:-1]]
[2022.02.09-09.12.35:673][  0]LogConfig: Setting CVar [[r.AmbientOcclusionRadiusScale:1.0]]
[2022.02.09-09.12.35:673][  0]LogConfig: Setting CVar [[r.DepthOfFieldQuality:2]]
[2022.02.09-09.12.35:673][  0]LogConfig: Setting CVar [[r.RenderTargetPoolMin:400]]
[2022.02.09-09.12.35:673][  0]LogConfig: Setting CVar [[r.LensFlareQuality:2]]
[2022.02.09-09.12.35:673][  0]LogConfig: Setting CVar [[r.SceneColorFringeQuality:1]]
[2022.02.09-09.12.35:673][  0]LogConfig: Setting CVar [[r.EyeAdaptationQuality:2]]
[2022.02.09-09.12.35:673][  0]LogConfig: Setting CVar [[r.BloomQuality:5]]
[2022.02.09-09.12.35:673][  0]LogConfig: Setting CVar [[r.FastBlurThreshold:100]]
[2022.02.09-09.12.35:673][  0]LogConfig: Setting CVar [[r.Upscale.Quality:3]]
[2022.02.09-09.12.35:673][  0]LogConfig: Setting CVar [[r.Tonemapper.GrainQuantization:1]]
[2022.02.09-09.12.35:673][  0]LogConfig: Setting CVar [[r.LightShaftQuality:1]]
[2022.02.09-09.12.35:673][  0]LogConfig: Setting CVar [[r.Filter.SizeScale:1]]
[2022.02.09-09.12.35:673][  0]LogConfig: Setting CVar [[r.Tonemapper.Quality:5]]
[2022.02.09-09.12.35:673][  0]LogConfig: Setting CVar [[r.DOF.Gather.AccumulatorQuality:1        ; higher gathering accumulator quality]]
[2022.02.09-09.12.35:673][  0]LogConfig: Setting CVar [[r.DOF.Gather.PostfilterMethod:1          ; Median3x3 postfilering method]]
[2022.02.09-09.12.35:673][  0]LogConfig: Setting CVar [[r.DOF.Gather.EnableBokehSettings:0       ; no bokeh simulation when gathering]]
[2022.02.09-09.12.35:673][  0]LogConfig: Setting CVar [[r.DOF.Gather.RingCount:4                 ; medium number of samples when gathering]]
[2022.02.09-09.12.35:673][  0]LogConfig: Setting CVar [[r.DOF.Scatter.ForegroundCompositing:1    ; additive foreground scattering]]
[2022.02.09-09.12.35:673][  0]LogConfig: Setting CVar [[r.DOF.Scatter.BackgroundCompositing:2    ; additive background scattering]]
[2022.02.09-09.12.35:673][  0]LogConfig: Setting CVar [[r.DOF.Scatter.EnableBokehSettings:1      ; bokeh simulation when scattering]]
[2022.02.09-09.12.35:673][  0]LogConfig: Setting CVar [[r.DOF.Scatter.MaxSpriteRatio:0.1         ; only a maximum of 10% of scattered bokeh]]
[2022.02.09-09.12.35:673][  0]LogConfig: Setting CVar [[r.DOF.Recombine.Quality:1                ; cheap slight out of focus]]
[2022.02.09-09.12.35:673][  0]LogConfig: Setting CVar [[r.DOF.Recombine.EnableBokehSettings:0    ; no bokeh simulation on slight out of focus]]
[2022.02.09-09.12.35:673][  0]LogConfig: Setting CVar [[r.DOF.TemporalAAQuality:1                ; more stable temporal accumulation]]
[2022.02.09-09.12.35:673][  0]LogConfig: Setting CVar [[r.DOF.Kernel.MaxForegroundRadius:0.025]]
[2022.02.09-09.12.35:673][  0]LogConfig: Setting CVar [[r.DOF.Kernel.MaxBackgroundRadius:0.025]]
[2022.02.09-09.12.35:673][  0]LogConfig: Applying CVar settings from Section [TextureQuality@3] File [D:/Ydays/FirstMenu/Saved/Config/Windows/Scalability.ini]
[2022.02.09-09.12.35:673][  0]LogConfig: Setting CVar [[r.Streaming.MipBias:0]]
[2022.02.09-09.12.35:673][  0]LogConfig: Setting CVar [[r.Streaming.AmortizeCPUToGPUCopy:0]]
[2022.02.09-09.12.35:673][  0]LogConfig: Setting CVar [[r.Streaming.MaxNumTexturesToStreamPerFrame:0]]
[2022.02.09-09.12.35:673][  0]LogConfig: Setting CVar [[r.Streaming.Boost:1]]
[2022.02.09-09.12.35:673][  0]LogConfig: Setting CVar [[r.MaxAnisotropy:8]]
[2022.02.09-09.12.35:674][  0]LogConfig: Setting CVar [[r.VT.MaxAnisotropy:8]]
[2022.02.09-09.12.35:674][  0]LogConfig: Setting CVar [[r.Streaming.LimitPoolSizeToVRAM:0]]
[2022.02.09-09.12.35:674][  0]LogConfig: Setting CVar [[r.Streaming.PoolSize:1000]]
[2022.02.09-09.12.35:674][  0]LogConfig: Setting CVar [[r.Streaming.MaxEffectiveScreenSize:0]]
[2022.02.09-09.12.35:674][  0]LogConfig: Applying CVar settings from Section [EffectsQuality@3] File [D:/Ydays/FirstMenu/Saved/Config/Windows/Scalability.ini]
[2022.02.09-09.12.35:674][  0]LogConfig: Setting CVar [[r.TranslucencyLightingVolumeDim:64]]
[2022.02.09-09.12.35:674][  0]LogConfig: Setting CVar [[r.RefractionQuality:2]]
[2022.02.09-09.12.35:674][  0]LogConfig: Setting CVar [[r.SSR.Quality:3]]
[2022.02.09-09.12.35:674][  0]LogConfig: Setting CVar [[r.SSR.HalfResSceneColor:0]]
[2022.02.09-09.12.35:674][  0]LogConfig: Setting CVar [[r.SceneColorFormat:4]]
[2022.02.09-09.12.35:674][  0]LogConfig: Setting CVar [[r.DetailMode:2]]
[2022.02.09-09.12.35:674][  0]LogConfig: Setting CVar [[r.TranslucencyVolumeBlur:1]]
[2022.02.09-09.12.35:674][  0]LogConfig: Setting CVar [[r.MaterialQualityLevel:1 ; High quality]]
[2022.02.09-09.12.35:674][  0]LogConfig: Setting CVar [[r.AnisotropicMaterials:1]]
[2022.02.09-09.12.35:674][  0]LogConfig: Setting CVar [[r.SSS.Scale:1]]
[2022.02.09-09.12.35:674][  0]LogConfig: Setting CVar [[r.SSS.SampleSet:2]]
[2022.02.09-09.12.35:674][  0]LogConfig: Setting CVar [[r.SSS.Quality:1]]
[2022.02.09-09.12.35:674][  0]LogConfig: Setting CVar [[r.SSS.HalfRes:0]]
[2022.02.09-09.12.35:674][  0]LogConfig: Setting CVar [[r.SSGI.Quality:3]]
[2022.02.09-09.12.35:674][  0]LogConfig: Setting CVar [[r.EmitterSpawnRateScale:1.0]]
[2022.02.09-09.12.35:674][  0]LogConfig: Setting CVar [[r.ParticleLightQuality:2]]
[2022.02.09-09.12.35:674][  0]LogConfig: Setting CVar [[r.SkyAtmosphere.AerialPerspectiveLUT.FastApplyOnOpaque:1 ; Always have FastSkyLUT 1 in this case to avoid wrong sky]]
[2022.02.09-09.12.35:674][  0]LogConfig: Setting CVar [[r.SkyAtmosphere.AerialPerspectiveLUT.SampleCountMaxPerSlice:4]]
[2022.02.09-09.12.35:674][  0]LogConfig: Setting CVar [[r.SkyAtmosphere.AerialPerspectiveLUT.DepthResolution:16.0]]
[2022.02.09-09.12.35:674][  0]LogConfig: Setting CVar [[r.SkyAtmosphere.FastSkyLUT:1]]
[2022.02.09-09.12.35:674][  0]LogConfig: Setting CVar [[r.SkyAtmosphere.FastSkyLUT.SampleCountMin:4.0]]
[2022.02.09-09.12.35:674][  0]LogConfig: Setting CVar [[r.SkyAtmosphere.FastSkyLUT.SampleCountMax:128.0]]
[2022.02.09-09.12.35:674][  0]LogConfig: Setting CVar [[r.SkyAtmosphere.SampleCountMin:4.0]]
[2022.02.09-09.12.35:674][  0]LogConfig: Setting CVar [[r.SkyAtmosphere.SampleCountMax:128.0]]
[2022.02.09-09.12.35:674][  0]LogConfig: Setting CVar [[r.SkyAtmosphere.TransmittanceLUT.UseSmallFormat:0]]
[2022.02.09-09.12.35:674][  0]LogConfig: Setting CVar [[r.SkyAtmosphere.TransmittanceLUT.SampleCount:10.0]]
[2022.02.09-09.12.35:674][  0]LogConfig: Setting CVar [[r.SkyAtmosphere.MultiScatteringLUT.SampleCount:15.0]]
[2022.02.09-09.12.35:674][  0]LogConfig: Setting CVar [[r.SkyLight.RealTimeReflectionCapture:1]]
[2022.02.09-09.12.35:674][  0]LogConfig: Applying CVar settings from Section [FoliageQuality@3] File [D:/Ydays/FirstMenu/Saved/Config/Windows/Scalability.ini]
[2022.02.09-09.12.35:674][  0]LogConfig: Setting CVar [[foliage.DensityScale:1.0]]
[2022.02.09-09.12.35:674][  0]LogConfig: Setting CVar [[grass.DensityScale:1.0]]
[2022.02.09-09.12.35:674][  0]LogConfig: Applying CVar settings from Section [ShadingQuality@3] File [D:/Ydays/FirstMenu/Saved/Config/Windows/Scalability.ini]
[2022.02.09-09.12.35:674][  0]LogConfig: Setting CVar [[r.HairStrands.SkyLighting.IntegrationType:2]]
[2022.02.09-09.12.35:674][  0]LogConfig: Setting CVar [[r.HairStrands.SkyAO.SampleCount:4]]
[2022.02.09-09.12.35:674][  0]LogConfig: Setting CVar [[r.HairStrands.Visibility.MSAA.SamplePerPixel:4]]
[2022.02.09-09.12.35:674][  0]LogInit: Selected Device Profile: [Windows]
[2022.02.09-09.12.35:674][  0]LogInit: Applying CVar settings loaded from the selected device profile: [Windows]
[2022.02.09-09.12.35:674][  0]LogHAL: Display: Platform has ~ 16 GB [16505966592 / 17179869184 / 16], which maps to Larger [LargestMinGB=32, LargerMinGB=12, DefaultMinGB=8, SmallerMinGB=6, SmallestMinGB=0)
[2022.02.09-09.12.35:674][  0]LogInit: Going up to parent DeviceProfile []
[2022.02.09-09.12.35:674][  0]LogConfig: Applying CVar settings from Section [ViewDistanceQuality@3] File [D:/Ydays/FirstMenu/Saved/Config/Windows/Scalability.ini]
[2022.02.09-09.12.35:674][  0]LogConfig: Setting CVar [[r.SkeletalMeshLODBias:0]]
[2022.02.09-09.12.35:674][  0]LogConfig: Setting CVar [[r.ViewDistanceScale:1.0]]
[2022.02.09-09.12.35:674][  0]LogConfig: Applying CVar settings from Section [AntiAliasingQuality@3] File [D:/Ydays/FirstMenu/Saved/Config/Windows/Scalability.ini]
[2022.02.09-09.12.35:674][  0]LogConfig: Setting CVar [[r.PostProcessAAQuality:4]]
[2022.02.09-09.12.35:674][  0]LogConfig: Applying CVar settings from Section [ShadowQuality@3] File [D:/Ydays/FirstMenu/Saved/Config/Windows/Scalability.ini]
[2022.02.09-09.12.35:674][  0]LogConfig: Setting CVar [[r.LightFunctionQuality:1]]
[2022.02.09-09.12.35:674][  0]LogConfig: Setting CVar [[r.ShadowQuality:5]]
[2022.02.09-09.12.35:674][  0]LogConfig: Setting CVar [[r.Shadow.CSM.MaxCascades:10]]
[2022.02.09-09.12.35:674][  0]LogConfig: Setting CVar [[r.Shadow.MaxResolution:2048]]
[2022.02.09-09.12.35:674][  0]LogConfig: Setting CVar [[r.Shadow.MaxCSMResolution:2048]]
[2022.02.09-09.12.35:674][  0]LogConfig: Setting CVar [[r.Shadow.RadiusThreshold:0.01]]
[2022.02.09-09.12.35:674][  0]LogConfig: Setting CVar [[r.Shadow.DistanceScale:1.0]]
[2022.02.09-09.12.35:674][  0]LogConfig: Setting CVar [[r.Shadow.CSM.TransitionScale:1.0]]
[2022.02.09-09.12.35:674][  0]LogConfig: Setting CVar [[r.Shadow.PreShadowResolutionFactor:1.0]]
[2022.02.09-09.12.35:674][  0]LogConfig: Setting CVar [[r.DistanceFieldShadowing:1]]
[2022.02.09-09.12.35:674][  0]LogConfig: Setting CVar [[r.DistanceFieldAO:1]]
[2022.02.09-09.12.35:674][  0]LogConfig: Setting CVar [[r.AOQuality:2]]
[2022.02.09-09.12.35:674][  0]LogConfig: Setting CVar [[r.VolumetricFog:1]]
[2022.02.09-09.12.35:674][  0]LogConfig: Setting CVar [[r.VolumetricFog.GridPixelSize:8]]
[2022.02.09-09.12.35:674][  0]LogConfig: Setting CVar [[r.VolumetricFog.GridSizeZ:128]]
[2022.02.09-09.12.35:674][  0]LogConfig: Setting CVar [[r.VolumetricFog.HistoryMissSupersampleCount:4]]
[2022.02.09-09.12.35:674][  0]LogConfig: Setting CVar [[r.LightMaxDrawDistanceScale:1]]
[2022.02.09-09.12.35:674][  0]LogConfig: Setting CVar [[r.CapsuleShadows:1]]
[2022.02.09-09.12.35:674][  0]LogConfig: Applying CVar settings from Section [PostProcessQuality@3] File [D:/Ydays/FirstMenu/Saved/Config/Windows/Scalability.ini]
[2022.02.09-09.12.35:674][  0]LogConfig: Setting CVar [[r.MotionBlurQuality:4]]
[2022.02.09-09.12.35:674][  0]LogConfig: Setting CVar [[r.AmbientOcclusionMipLevelFactor:0.4]]
[2022.02.09-09.12.35:674][  0]LogConfig: Setting CVar [[r.AmbientOcclusionMaxQuality:100]]
[2022.02.09-09.12.35:674][  0]LogConfig: Setting CVar [[r.AmbientOcclusionLevels:-1]]
[2022.02.09-09.12.35:674][  0]LogConfig: Setting CVar [[r.AmbientOcclusionRadiusScale:1.0]]
[2022.02.09-09.12.35:674][  0]LogConfig: Setting CVar [[r.DepthOfFieldQuality:2]]
[2022.02.09-09.12.35:674][  0]LogConfig: Setting CVar [[r.RenderTargetPoolMin:400]]
[2022.02.09-09.12.35:674][  0]LogConfig: Setting CVar [[r.LensFlareQuality:2]]
[2022.02.09-09.12.35:674][  0]LogConfig: Setting CVar [[r.SceneColorFringeQuality:1]]
[2022.02.09-09.12.35:674][  0]LogConfig: Setting CVar [[r.EyeAdaptationQuality:2]]
[2022.02.09-09.12.35:674][  0]LogConfig: Setting CVar [[r.BloomQuality:5]]
[2022.02.09-09.12.35:674][  0]LogConfig: Setting CVar [[r.FastBlurThreshold:100]]
[2022.02.09-09.12.35:674][  0]LogConfig: Setting CVar [[r.Upscale.Quality:3]]
[2022.02.09-09.12.35:674][  0]LogConfig: Setting CVar [[r.Tonemapper.GrainQuantization:1]]
[2022.02.09-09.12.35:674][  0]LogConfig: Setting CVar [[r.LightShaftQuality:1]]
[2022.02.09-09.12.35:674][  0]LogConfig: Setting CVar [[r.Filter.SizeScale:1]]
[2022.02.09-09.12.35:675][  0]LogConfig: Setting CVar [[r.Tonemapper.Quality:5]]
[2022.02.09-09.12.35:675][  0]LogConfig: Setting CVar [[r.DOF.Gather.AccumulatorQuality:1        ; higher gathering accumulator quality]]
[2022.02.09-09.12.35:675][  0]LogConfig: Setting CVar [[r.DOF.Gather.PostfilterMethod:1          ; Median3x3 postfilering method]]
[2022.02.09-09.12.35:675][  0]LogConfig: Setting CVar [[r.DOF.Gather.EnableBokehSettings:0       ; no bokeh simulation when gathering]]
[2022.02.09-09.12.35:675][  0]LogConfig: Setting CVar [[r.DOF.Gather.RingCount:4                 ; medium number of samples when gathering]]
[2022.02.09-09.12.35:675][  0]LogConfig: Setting CVar [[r.DOF.Scatter.ForegroundCompositing:1    ; additive foreground scattering]]
[2022.02.09-09.12.35:675][  0]LogConfig: Setting CVar [[r.DOF.Scatter.BackgroundCompositing:2    ; additive background scattering]]
[2022.02.09-09.12.35:675][  0]LogConfig: Setting CVar [[r.DOF.Scatter.EnableBokehSettings:1      ; bokeh simulation when scattering]]
[2022.02.09-09.12.35:675][  0]LogConfig: Setting CVar [[r.DOF.Scatter.MaxSpriteRatio:0.1         ; only a maximum of 10% of scattered bokeh]]
[2022.02.09-09.12.35:675][  0]LogConfig: Setting CVar [[r.DOF.Recombine.Quality:1                ; cheap slight out of focus]]
[2022.02.09-09.12.35:675][  0]LogConfig: Setting CVar [[r.DOF.Recombine.EnableBokehSettings:0    ; no bokeh simulation on slight out of focus]]
[2022.02.09-09.12.35:675][  0]LogConfig: Setting CVar [[r.DOF.TemporalAAQuality:1                ; more stable temporal accumulation]]
[2022.02.09-09.12.35:675][  0]LogConfig: Setting CVar [[r.DOF.Kernel.MaxForegroundRadius:0.025]]
[2022.02.09-09.12.35:675][  0]LogConfig: Setting CVar [[r.DOF.Kernel.MaxBackgroundRadius:0.025]]
[2022.02.09-09.12.35:675][  0]LogConfig: Applying CVar settings from Section [TextureQuality@3] File [D:/Ydays/FirstMenu/Saved/Config/Windows/Scalability.ini]
[2022.02.09-09.12.35:675][  0]LogConfig: Setting CVar [[r.Streaming.MipBias:0]]
[2022.02.09-09.12.35:675][  0]LogConfig: Setting CVar [[r.Streaming.AmortizeCPUToGPUCopy:0]]
[2022.02.09-09.12.35:675][  0]LogConfig: Setting CVar [[r.Streaming.MaxNumTexturesToStreamPerFrame:0]]
[2022.02.09-09.12.35:675][  0]LogConfig: Setting CVar [[r.Streaming.Boost:1]]
[2022.02.09-09.12.35:675][  0]LogConfig: Setting CVar [[r.MaxAnisotropy:8]]
[2022.02.09-09.12.35:675][  0]LogConfig: Setting CVar [[r.VT.MaxAnisotropy:8]]
[2022.02.09-09.12.35:675][  0]LogConfig: Setting CVar [[r.Streaming.LimitPoolSizeToVRAM:0]]
[2022.02.09-09.12.35:675][  0]LogConfig: Setting CVar [[r.Streaming.PoolSize:1000]]
[2022.02.09-09.12.35:675][  0]LogConfig: Setting CVar [[r.Streaming.MaxEffectiveScreenSize:0]]
[2022.02.09-09.12.35:675][  0]LogConfig: Applying CVar settings from Section [EffectsQuality@3] File [D:/Ydays/FirstMenu/Saved/Config/Windows/Scalability.ini]
[2022.02.09-09.12.35:675][  0]LogConfig: Setting CVar [[r.TranslucencyLightingVolumeDim:64]]
[2022.02.09-09.12.35:675][  0]LogConfig: Setting CVar [[r.RefractionQuality:2]]
[2022.02.09-09.12.35:675][  0]LogConfig: Setting CVar [[r.SSR.Quality:3]]
[2022.02.09-09.12.35:675][  0]LogConfig: Setting CVar [[r.SSR.HalfResSceneColor:0]]
[2022.02.09-09.12.35:675][  0]LogConfig: Setting CVar [[r.SceneColorFormat:4]]
[2022.02.09-09.12.35:675][  0]LogConfig: Setting CVar [[r.DetailMode:2]]
[2022.02.09-09.12.35:675][  0]LogConfig: Setting CVar [[r.TranslucencyVolumeBlur:1]]
[2022.02.09-09.12.35:675][  0]LogConfig: Setting CVar [[r.MaterialQualityLevel:1 ; High quality]]
[2022.02.09-09.12.35:675][  0]LogConfig: Setting CVar [[r.AnisotropicMaterials:1]]
[2022.02.09-09.12.35:675][  0]LogConfig: Setting CVar [[r.SSS.Scale:1]]
[2022.02.09-09.12.35:675][  0]LogConfig: Setting CVar [[r.SSS.SampleSet:2]]
[2022.02.09-09.12.35:675][  0]LogConfig: Setting CVar [[r.SSS.Quality:1]]
[2022.02.09-09.12.35:675][  0]LogConfig: Setting CVar [[r.SSS.HalfRes:0]]
[2022.02.09-09.12.35:675][  0]LogConfig: Setting CVar [[r.SSGI.Quality:3]]
[2022.02.09-09.12.35:675][  0]LogConfig: Setting CVar [[r.EmitterSpawnRateScale:1.0]]
[2022.02.09-09.12.35:675][  0]LogConfig: Setting CVar [[r.ParticleLightQuality:2]]
[2022.02.09-09.12.35:675][  0]LogConfig: Setting CVar [[r.SkyAtmosphere.AerialPerspectiveLUT.FastApplyOnOpaque:1 ; Always have FastSkyLUT 1 in this case to avoid wrong sky]]
[2022.02.09-09.12.35:675][  0]LogConfig: Setting CVar [[r.SkyAtmosphere.AerialPerspectiveLUT.SampleCountMaxPerSlice:4]]
[2022.02.09-09.12.35:675][  0]LogConfig: Setting CVar [[r.SkyAtmosphere.AerialPerspectiveLUT.DepthResolution:16.0]]
[2022.02.09-09.12.35:675][  0]LogConfig: Setting CVar [[r.SkyAtmosphere.FastSkyLUT:1]]
[2022.02.09-09.12.35:675][  0]LogConfig: Setting CVar [[r.SkyAtmosphere.FastSkyLUT.SampleCountMin:4.0]]
[2022.02.09-09.12.35:675][  0]LogConfig: Setting CVar [[r.SkyAtmosphere.FastSkyLUT.SampleCountMax:128.0]]
[2022.02.09-09.12.35:675][  0]LogConfig: Setting CVar [[r.SkyAtmosphere.SampleCountMin:4.0]]
[2022.02.09-09.12.35:675][  0]LogConfig: Setting CVar [[r.SkyAtmosphere.SampleCountMax:128.0]]
[2022.02.09-09.12.35:675][  0]LogConfig: Setting CVar [[r.SkyAtmosphere.TransmittanceLUT.UseSmallFormat:0]]
[2022.02.09-09.12.35:675][  0]LogConfig: Setting CVar [[r.SkyAtmosphere.TransmittanceLUT.SampleCount:10.0]]
[2022.02.09-09.12.35:675][  0]LogConfig: Setting CVar [[r.SkyAtmosphere.MultiScatteringLUT.SampleCount:15.0]]
[2022.02.09-09.12.35:675][  0]LogConfig: Setting CVar [[r.SkyLight.RealTimeReflectionCapture:1]]
[2022.02.09-09.12.35:675][  0]LogConfig: Applying CVar settings from Section [FoliageQuality@3] File [D:/Ydays/FirstMenu/Saved/Config/Windows/Scalability.ini]
[2022.02.09-09.12.35:675][  0]LogConfig: Setting CVar [[foliage.DensityScale:1.0]]
[2022.02.09-09.12.35:675][  0]LogConfig: Setting CVar [[grass.DensityScale:1.0]]
[2022.02.09-09.12.35:675][  0]LogConfig: Applying CVar settings from Section [ShadingQuality@3] File [D:/Ydays/FirstMenu/Saved/Config/Windows/Scalability.ini]
[2022.02.09-09.12.35:675][  0]LogConfig: Setting CVar [[r.HairStrands.SkyLighting.IntegrationType:2]]
[2022.02.09-09.12.35:675][  0]LogConfig: Setting CVar [[r.HairStrands.SkyAO.SampleCount:4]]
[2022.02.09-09.12.35:675][  0]LogConfig: Setting CVar [[r.HairStrands.Visibility.MSAA.SamplePerPixel:4]]
[2022.02.09-09.12.35:675][  0]LogConfig: Applying CVar settings from Section [Startup] File [../../../Engine/Config/ConsoleVariables.ini]
[2022.02.09-09.12.35:675][  0]LogConfig: Setting CVar [[net.UseAdaptiveNetUpdateFrequency:0]]
[2022.02.09-09.12.35:675][  0]LogConfig: Setting CVar [[p.chaos.AllowCreatePhysxBodies:1]]
[2022.02.09-09.12.35:675][  0]LogConfig: Setting CVar [[fx.SkipVectorVMBackendOptimizations:1]]
[2022.02.09-09.12.35:676][  0]LogConfig: Applying CVar settings from Section [ConsoleVariables] File [D:/Ydays/FirstMenu/Saved/Config/Windows/Engine.ini]
[2022.02.09-09.12.35:676][  0]LogConfig: Applying CVar settings from Section [ConsoleVariables] File [D:/Ydays/FirstMenu/Saved/Config/Windows/Editor.ini]
[2022.02.09-09.12.35:676][  0]LogInit: Computer: LAPTOP-MODDRH1S
[2022.02.09-09.12.35:676][  0]LogInit: User: Antoine
[2022.02.09-09.12.35:676][  0]LogInit: CPU Page size=4096, Cores=6
[2022.02.09-09.12.35:676][  0]LogInit: High frequency timer resolution =10.000000 MHz
[2022.02.09-09.12.35:676][  0]LogMemory: Memory total: Physical=15.4GB (16GB approx)
[2022.02.09-09.12.35:676][  0]LogMemory: Platform Memory Stats for Windows
[2022.02.09-09.12.35:676][  0]LogMemory: Process Physical Memory: 144.06 MB used, 144.07 MB peak
[2022.02.09-09.12.35:676][  0]LogMemory: Process Virtual Memory: 129.86 MB used, 129.86 MB peak
[2022.02.09-09.12.35:676][  0]LogMemory: Physical Memory: 7865.73 MB used,  7875.58 MB free, 15741.32 MB total
[2022.02.09-09.12.35:676][  0]LogMemory: Virtual Memory: 134204136.00 MB used,  13595.05 MB free, 134217728.00 MB total
[2022.02.09-09.12.35:721][  0]LogWindows: WindowsPlatformFeatures enabled
[2022.02.09-09.12.35:760][  0]LogInit: Physics initialised using underlying interface: PhysX
[2022.02.09-09.12.35:761][  0]LogInit: Using OS detected language (fr-FR).
[2022.02.09-09.12.35:761][  0]LogInit: Using OS detected locale (fr-FR).
[2022.02.09-09.12.35:764][  0]LogTextLocalizationManager: No specific localization for 'fr-FR' exists, so the 'fr' localization will be used.
[2022.02.09-09.12.35:765][  0]LogTextLocalizationResource: LocRes '../../../Engine/Content/Localization/Editor/fr/Editor.locres' could not be opened for reading!
[2022.02.09-09.12.35:765][  0]LogTextLocalizationResource: LocRes '../../../Engine/Content/Localization/EditorTutorials/fr/EditorTutorials.locres' could not be opened for reading!
[2022.02.09-09.12.35:765][  0]LogTextLocalizationResource: LocRes '../../../Engine/Content/Localization/Keywords/fr/Keywords.locres' could not be opened for reading!
[2022.02.09-09.12.35:765][  0]LogTextLocalizationResource: LocRes '../../../Engine/Content/Localization/Category/fr/Category.locres' could not be opened for reading!
[2022.02.09-09.12.35:765][  0]LogTextLocalizationResource: LocRes '../../../Engine/Content/Localization/ToolTips/fr/ToolTips.locres' could not be opened for reading!
[2022.02.09-09.12.35:765][  0]LogTextLocalizationResource: LocRes '../../../Engine/Content/Localization/PropertyNames/fr/PropertyNames.locres' could not be opened for reading!
[2022.02.09-09.12.35:765][  0]LogTextLocalizationResource: LocRes '../../../Engine/Content/Localization/Engine/fr/Engine.locres' could not be opened for reading!
[2022.02.09-09.12.35:767][  0]LogInit: Setting process to per monitor DPI aware
[2022.02.09-09.12.35:786][  0]LogWindowsTextInputMethodSystem: Display: IME system deactivated.
[2022.02.09-09.12.35:809][  0]LogSlate: New Slate User Created.  User Index 0, Is Virtual User: 0
[2022.02.09-09.12.35:809][  0]LogSlate: Slate User Registered.  User Index 0, Is Virtual User: 0
[2022.02.09-09.12.36:067][  0]LogD3D12RHI: Aftermath initialized
[2022.02.09-09.12.36:067][  0]LogD3D12RHI: Loading WinPixEventRuntime.dll for PIX profiling (from ../../../Engine/Binaries/ThirdParty/Windows/WinPixEventRuntime/x64).
[2022.02.09-09.12.36:077][  0]LogHMD: Failed to initialize OpenVR with code 110
[2022.02.09-09.12.36:153][  0]LogD3D12RHI: Found D3D12 adapter 0: AMD Radeon(TM) Graphics (Max supported Feature Level 12_1)
[2022.02.09-09.12.36:153][  0]LogD3D12RHI: Adapter has 496MB of dedicated video memory, 0MB of dedicated system memory, and 7870MB of shared system memory, 1 output[s]
[2022.02.09-09.12.36:166][  0]LogD3D12RHI: Found D3D12 adapter 1: Microsoft Basic Render Driver (Max supported Feature Level 12_1)
[2022.02.09-09.12.36:166][  0]LogD3D12RHI: Adapter has 0MB of dedicated video memory, 0MB of dedicated system memory, and 7870MB of shared system memory, 0 output[s]
[2022.02.09-09.12.36:233][  0]LogD3D12RHI: Found D3D12 adapter 2: AMD Radeon(TM) Graphics (Max supported Feature Level 12_1)
[2022.02.09-09.12.36:233][  0]LogD3D12RHI: Adapter has 496MB of dedicated video memory, 0MB of dedicated system memory, and 7870MB of shared system memory, 0 output[s]
[2022.02.09-09.12.36:233][  0]LogD3D12RHI: Chosen D3D12 Adapter Id = 0
[2022.02.09-09.12.36:252][  0]LogD3D12RHI: InitD3DDevice: -D3DDebug = off -D3D12GPUValidation = off
[2022.02.09-09.12.36:252][  0]LogD3D12RHI: Emitting draw events for PIX profiling.
[2022.02.09-09.12.36:312][  0]LogD3D12RHI: The system supports ID3D12Device1.
[2022.02.09-09.12.36:313][  0]LogD3D12RHI: The system supports ID3D12Device2.
[2022.02.09-09.12.36:313][  0]LogD3D12RHI: The system supports ID3D12Device5.
[2022.02.09-09.12.36:313][  0]LogD3D12RHI: The system supports ID3D12Device7.
[2022.02.09-09.12.36:330][  0]LogD3D12RHI: [GPUBreadCrumb] Successfully setup breadcrumb resource for 3D Queue 0
[2022.02.09-09.12.36:331][  0]LogD3D12RHI: [GPUBreadCrumb] Successfully setup breadcrumb resource for Copy Queue 0
[2022.02.09-09.12.36:346][  0]LogD3D12RHI: [GPUBreadCrumb] Successfully setup breadcrumb resource for Compute Queue 0
[2022.02.09-09.12.36:355][  0]LogD3D12RHI: Display: Not using pipeline state disk cache per r.D3D12.PSO.DiskCache=0
[2022.02.09-09.12.36:355][  0]LogD3D12RHI: Display: Not using driver-optimized pipeline state disk cache per r.D3D12.PSO.DriverOptimizedDiskCache=0
[2022.02.09-09.12.36:392][  0]LogD3D12RHI:     GPU DeviceId: 0x1636 (for the marketing name, search the web for "GPU Device Id")
[2022.02.09-09.12.36:392][  0]LogWindows: EnumDisplayDevices:
[2022.02.09-09.12.36:392][  0]LogWindows:    0. 'AMD Radeon(TM) Graphics' (P:1 D:1)
[2022.02.09-09.12.36:392][  0]LogWindows:    1. 'AMD Radeon(TM) Graphics' (P:0 D:0)
[2022.02.09-09.12.36:392][  0]LogWindows:    2. 'AMD Radeon(TM) Graphics' (P:0 D:0)
[2022.02.09-09.12.36:393][  0]LogWindows:    3. 'AMD Radeon(TM) Graphics' (P:0 D:0)
[2022.02.09-09.12.36:393][  0]LogWindows:    4. 'AMD Radeon(TM) Graphics' (P:0 D:0)
[2022.02.09-09.12.36:393][  0]LogWindows:    5. 'AMD Radeon(TM) Graphics' (P:0 D:0)
[2022.02.09-09.12.36:393][  0]LogWindows:    6. 'Virtual Display Device' (P:0 D:0)
[2022.02.09-09.12.36:394][  0]LogWindows: DebugString: GetVideoDriverDetailsInvalid PrimaryIsNotTheChoosenAdapter FoundDriverCount:6 
[2022.02.09-09.12.36:394][  0]LogD3D12RHI:     Adapter Name: AMD Radeon(TM) Graphics
[2022.02.09-09.12.36:394][  0]LogD3D12RHI:   Driver Version: Adrenalin 20.10.22.14 (internal:27.20.11022.14001, unified:27.20.11022.14001)
[2022.02.09-09.12.36:394][  0]LogD3D12RHI:      Driver Date: 10-27-2020
[2022.02.09-09.12.36:394][  0]LogRHI: Texture pool is 4846 MB (70% of 6923 MB)
[2022.02.09-09.12.36:394][  0]LogD3D12RHI: Async texture creation enabled
[2022.02.09-09.12.36:394][  0]LogD3D12RHI: RHI has support for 64 bit atomics
[2022.02.09-09.12.36:749][  0]LogTargetPlatformManager: Display: Loaded TargetPlatform 'AllDesktop'
[2022.02.09-09.12.36:771][  0]LogTargetPlatformManager: Display: Loaded TargetPlatform 'Android'
[2022.02.09-09.12.36:771][  0]LogTargetPlatformManager: Display: Loaded TargetPlatform 'Android_ASTC'
[2022.02.09-09.12.36:771][  0]LogTargetPlatformManager: Display: Loaded TargetPlatform 'Android_DXT'
[2022.02.09-09.12.36:771][  0]LogTargetPlatformManager: Display: Loaded TargetPlatform 'Android_ETC2'
[2022.02.09-09.12.36:771][  0]LogTargetPlatformManager: Display: Loaded TargetPlatform 'AndroidClient'
[2022.02.09-09.12.36:771][  0]LogTargetPlatformManager: Display: Loaded TargetPlatform 'Android_ASTCClient'
[2022.02.09-09.12.36:771][  0]LogTargetPlatformManager: Display: Loaded TargetPlatform 'Android_DXTClient'
[2022.02.09-09.12.36:771][  0]LogTargetPlatformManager: Display: Loaded TargetPlatform 'Android_ETC2Client'
[2022.02.09-09.12.36:771][  0]LogTargetPlatformManager: Display: Loaded TargetPlatform 'Android_Multi'
[2022.02.09-09.12.36:771][  0]LogTargetPlatformManager: Display: Loaded TargetPlatform 'Android_MultiClient'
[2022.02.09-09.12.36:791][  0]LogTargetPlatformManager: Display: Loaded TargetPlatform 'IOSClient'
[2022.02.09-09.12.36:791][  0]LogTargetPlatformManager: Display: Loaded TargetPlatform 'IOS'
[2022.02.09-09.12.36:800][  0]LogTargetPlatformManager: Display: Loaded TargetPlatform 'Linux'
[2022.02.09-09.12.36:805][  0]LogTargetPlatformManager: Display: Loaded TargetPlatform 'LinuxNoEditor'
[2022.02.09-09.12.36:811][  0]LogTargetPlatformManager: Display: Loaded TargetPlatform 'LinuxClient'
[2022.02.09-09.12.36:817][  0]LogTargetPlatformManager: Display: Loaded TargetPlatform 'LinuxServer'
[2022.02.09-09.12.36:826][  0]LogTargetPlatformManager: Display: Loaded TargetPlatform 'LinuxAArch64NoEditor'
[2022.02.09-09.12.36:831][  0]LogTargetPlatformManager: Display: Loaded TargetPlatform 'LinuxAArch64Client'
[2022.02.09-09.12.36:836][  0]LogTargetPlatformManager: Display: Loaded TargetPlatform 'LinuxAArch64Server'
[2022.02.09-09.12.36:860][  0]LogTargetPlatformManager: Display: Loaded TargetPlatform 'Lumin'
[2022.02.09-09.12.36:860][  0]LogTargetPlatformManager: Display: Loaded TargetPlatform 'LuminClient'
[2022.02.09-09.12.36:869][  0]LogTargetPlatformManager: Display: Loaded TargetPlatform 'MacNoEditor'
[2022.02.09-09.12.36:875][  0]LogTargetPlatformManager: Display: Loaded TargetPlatform 'Mac'
[2022.02.09-09.12.36:880][  0]LogTargetPlatformManager: Display: Loaded TargetPlatform 'MacClient'
[2022.02.09-09.12.36:884][  0]LogTargetPlatformManager: Display: Loaded TargetPlatform 'MacServer'
[2022.02.09-09.12.36:895][  0]LogTargetPlatformManager: Display: Loaded TargetPlatform 'TVOSClient'
[2022.02.09-09.12.36:895][  0]LogTargetPlatformManager: Display: Loaded TargetPlatform 'TVOS'
[2022.02.09-09.12.36:906][  0]LogTargetPlatformManager: Display: Loaded TargetPlatform 'WindowsNoEditor'
[2022.02.09-09.12.36:912][  0]LogTargetPlatformManager: Display: Loaded TargetPlatform 'Windows'
[2022.02.09-09.12.36:917][  0]LogTargetPlatformManager: Display: Loaded TargetPlatform 'WindowsClient'
[2022.02.09-09.12.36:924][  0]LogTargetPlatformManager: Display: Loaded TargetPlatform 'WindowsServer'
[2022.02.09-09.12.36:924][  0]LogTargetPlatformManager: Display: Building Assets For Windows
[2022.02.09-09.12.36:936][  0]LogAudioDebug: Display: Lib vorbis DLL was dynamically loaded.
[2022.02.09-09.12.36:973][  0]LogTextureFormatOodle: Display: Oodle Texture 2.9.0 init RDO Off
[2022.02.09-09.12.37:014][  0]LogRendererCore: Ray tracing is disabled. Reason: not supported by current RHI.
[2022.02.09-09.12.37:014][  0]LogShaderCompilers: Guid format shader working directory is 17 characters bigger than the processId version (../../../../../Ydays/FirstMenu/Intermediate/Shaders/WorkingDirectory/19972/).
[2022.02.09-09.12.37:014][  0]LogShaderCompilers: Cleaned the shader compiler working directory 'C:/Users/Antoine/AppData/Local/Temp/UnrealShaderWorkingDir/BA5BB5B64EE38EB7C4EA3AA7C70D69C1/'.
[2022.02.09-09.12.37:014][  0]LogXGEController: Cannot use XGE Controller as Incredibuild is not installed on this machine.
[2022.02.09-09.12.37:015][  0]LogShaderCompilers: Cannot use XGE Shader Compiler as Incredibuild is not installed on this machine.
[2022.02.09-09.12.37:015][  0]LogShaderCompilers: Display: Using Local Shader Compiler.
[2022.02.09-09.12.37:785][  0]LogDerivedDataCache: Display: Max Cache Size: 512 MB
[2022.02.09-09.12.37:861][  0]LogDerivedDataCache: Loaded boot cache 0.08s 132MB C:/Users/Antoine/AppData/Local/UnrealEngine/4.27/DerivedDataCache/Boot.ddc.
[2022.02.09-09.12.37:861][  0]LogDerivedDataCache: Display: Loaded Boot cache: C:/Users/Antoine/AppData/Local/UnrealEngine/4.27/DerivedDataCache/Boot.ddc
[2022.02.09-09.12.37:862][  0]LogDerivedDataCache: FDerivedDataBackendGraph:  Pak pak cache file ../../../../../Ydays/FirstMenu/DerivedDataCache/DDC.ddp not found, will not use a pak cache.
[2022.02.09-09.12.37:862][  0]LogDerivedDataCache: Unable to find inner node Pak for hierarchical cache Hierarchy.
[2022.02.09-09.12.37:862][  0]LogDerivedDataCache: FDerivedDataBackendGraph:  CompressedPak pak cache file ../../../../../Ydays/FirstMenu/DerivedDataCache/Compressed.ddp not found, will not use a pak cache.
[2022.02.09-09.12.37:862][  0]LogDerivedDataCache: Unable to find inner node CompressedPak for hierarchical cache Hierarchy.
[2022.02.09-09.12.37:879][  0]LogDerivedDataCache: Display: Pak cache opened for reading ../../../Engine/DerivedDataCache/Compressed.ddp.
[2022.02.09-09.12.37:880][  0]LogDerivedDataCache: FDerivedDataBackendGraph:  EnterprisePak pak cache file ../../../Enterprise/DerivedDataCache/Compressed.ddp not found, will not use a pak cache.
[2022.02.09-09.12.37:880][  0]LogDerivedDataCache: Unable to find inner node EnterprisePak for hierarchical cache Hierarchy.
[2022.02.09-09.12.37:891][  0]LogDerivedDataCache: Speed tests for C:/Users/Antoine/AppData/Local/UnrealEngine/Common/DerivedDataCache took 0.01 seconds
[2022.02.09-09.12.37:891][  0]LogDerivedDataCache: Display: Performance to C:/Users/Antoine/AppData/Local/UnrealEngine/Common/DerivedDataCache: Latency=0.04ms. RandomReadSpeed=1190.69MBs, RandomWriteSpeed=94.33MBs. Assigned SpeedClass 'Local'
[2022.02.09-09.12.37:892][  0]LogDerivedDataCache: Using Local data cache path C:/Users/Antoine/AppData/Local/UnrealEngine/Common/DerivedDataCache: Writable
[2022.02.09-09.12.37:892][  0]LogDerivedDataCache: Shared data cache path not found in *engine.ini, will not use an Shared cache.
[2022.02.09-09.12.37:892][  0]LogDerivedDataCache: Unable to find inner node Shared for hierarchical cache Hierarchy.
[2022.02.09-09.12.37:953][  0]LogSlate: Using FreeType 2.10.0
[2022.02.09-09.12.37:954][  0]LogSlate: SlateFontServices - WITH_FREETYPE: 1, WITH_HARFBUZZ: 1
[2022.02.09-09.12.37:987][  0]LogAssetRegistry: FAssetRegistry took 0.0037 seconds to start up
[2022.02.09-09.12.38:251][  0]LogInit: Selected Device Profile: [Windows]
[2022.02.09-09.12.38:251][  0]LogInit: Active device profile: [000002608C433E00][000002608AA52740 49] Windows
[2022.02.09-09.12.38:251][  0]LogInit: Profiles: [000002608C433E00][000002608AA52740 49] Windows, [000002608C44BE00][0000026089E228C0 49] WindowsNoEditor, [000002608C430200][0000026089E26A40 49] WindowsServer, [000002608C449A00][00000260FD806BC0 49] WindowsClient, [000002608C433A00][00000260FD80AD40 49] IOS, [000002608C44B800][0000026089D5CEC0 49] iPadAir, [000002608C430600][00000260FD80F040 49] iPadAir2, [000002608C3E0C00][00000260FD813300 49] IPadPro, [000002608C3E0D00][0000026089E2B340 49] iPadAir3, [000002608C432300][000002608AB594C0 49] iPadAir4, [000002608C3E0700][000002608AB5D640 49] iPadMini2, [000002608C430700][000002608AB617C0 49] iPadMini3, [000002608C3E1600][000002608A131940 49] iPadMini4, [000002608C433400][000002608A12DAC0 49] iPadMini5, [000002608C449000][000002608AA561C0 49] iPhone6, [000002608C449100][000002608A128200 49] iPodTouch6, [000002608C3E3B00][000002608A120440 49] iPhone7, [000002608C3E3A00][000002608A124480 49] iPodTouch7, [000002608C448700][000002608AAA65C0 49] iPhone5S, [000002608C3E0200][0000026089D58740 49] iPhone6Plus, [000002608C448400][000002608A2628C0 49] iPhone6S, [000002608C3E0400][000002608AB64A40 49] iPhone6SPlus, [000002608C44BF00][000002608AB68BC0 49] iPhone7Plus, [000002608C3E1100][000002608AB6CD40 49] iPhoneSE, [000002608C449B00][000002608AB70EC0 49] iPhone8, [000002608C3E2D00][0000026088531040 49] iPhone8Plus, [000002608C44AA00][00000260885351C0 49] iPhoneX, [000002608C3E0E00][0000026088539340 49] iPhoneXS, [000002608C44B600][000002608853D4C0 49] iPhoneXSMax, [000002608C3E3C00][0000026088541640 49] iPhoneXR, [000002608C44A800][00000260885457C0 49] iPhone11, [000002608C3E1F00][0000026088549940 49] iPhone11Pro, [000002608C44BB00][000002608854DAC0 49] iPhone11ProMax, [000002608C3E3400][00000260885500C0 49] iPhoneSE2, [000002608C44A700][0000026088554240 49] iPhone12Mini, [000002608C3E0900][00000260885583C0 49] iPhone12, [000002608C449600][0000026089D40500 49] iPhone12Pro, [000002608C3E3000][000002608855C640 49] iPhone12ProMax, [000002608C448600][0000026088560780 49] iPadPro105, [000002608C3E1300][00000260FD7CA900 49] iPadPro129, [000002608C449F00][00000260FD7CEA80 49] iPadPro97, [000002608C3E2F00][00000260FD7D2C00 49] iPadPro2_129, [000002608C44B300][00000260FD7D6D80 49] iPad5, [000002608C3E1B00][00000260FD7DAF00 49] iPad6, [000002608C44B000][00000260FD7DF080 49] iPad7, [000002608C3E1A00][00000260FD7E3200 49] iPad8, [000002608C448200][00000260FD7E7380 49] iPadPro11, [000002608C3E3600][00000260FD7EB500 49] iPadPro2_11, [000002608C44AD00][00000260FD7EF680 49] iPadPro3_129, [000002608C3E1900][00000260FD7F3800 49] iPadPro4_129, [000002608C449300][00000260FD7F7980 49] AppleTV, [000002608C3E1000][00000260FD7FBB00 49] AppleTV4K, [000002608C44A900][00000260FD7FE100 49] TVOS, [000002608C3E1200][00000260FD802280 49] Mac, [000002608C44B900][00000260FD946400 49] MacClient, [000002608C3E3900][00000260FD94A580 49] MacNoEditor, [000002608C44A500][00000260885646C0 49] MacServer, [000002608C3E2A00][00000260FD94E800 49] Linux, [000002608C449700][00000260FD952940 49] LinuxAArch64, [000002608C3E0800][00000260FD95AAC0 49] LinuxNoEditor, [000002608C448D00][00000260FD95EC40 49] LinuxAArch64NoEditor, [000002608C3E3700][00000260FD962DC0 49] LinuxClient, [000002608C44A300][00000260FD966F40 49] LinuxAArch64Client, [000002608C3E2100][00000260FD96B0C0 49] LinuxServer, [000002608C44A000][00000260FD96F240 49] LinuxAArch64Server, [000002608C3E1E00][00000260FD9733C0 49] Android, [000002608C44A600][00000260FD977540 49] Android_Low, [000002608C3E0300][00000260FD97B6C0 49] Android_Mid, [000002608C4EA500][00000260FD97F840 49] Android_High, [000002608C433900][00000260FD9839C0 49] Android_Default, [000002608C4E9400][00000260FD987B40 49] Android_Adreno4xx, [000002608C430300][00000260FD98A140 49] Android_Adreno5xx_Low, [000002608C4E9200][00000260FD98E2C0 49] Android_Adreno5xx, [000002608C432700][00000260FD992440 49] Android_Adreno6xx, [000002608C4EA600][00000260FD9965C0 49] Android_Adreno6xx_Vulkan, [000002608C430100][00000260FD99A740 49] Android_Mali_T6xx, [000002608C4E8D00][00000260FD956880 49] Android_Mali_T7xx, [000002608C433700][00000260FD99E9C0 49] Android_Mali_T8xx, [000002608C4EA200][00000260FD9A2B00 49] Android_Mali_G71, [000002608C430E00][00000260FD9A6C40 49] Android_Mali_G72, [000002608C4E8C00][00000260FD9AEDC0 49] Android_Mali_G72_Vulkan, [000002608C433F00][000002608A7F2F40 49] Android_Mali_G76, [000002608C4E8700][000002608A7F70C0 49] Android_Mali_G76_Vulkan, [000002608C432F00][000002608A7FB240 49] Android_Mali_G77, [000002608C4E9E00][000002608A7FF3C0 49] Android_Mali_G77_Vulkan, [000002608C431A00][000002608A803540 49] Android_Mali_G78, [000002608C4E8300][000002608A8076C0 49] Android_Mali_G78_Vulkan, [000002608C432C00][000002608A80B840 49] Android_Mali_G710, [000002608C3E3F00][000002608A80F9C0 49] Android_Mali_G710_Vulkan, [000002608C448E00][000002608A813B40 49] Android_Vulkan_SM5, [000002608C4E9D00][000002608A816140 49] Android_PowerVR_G6xxx, [000002608C449D00][000002608A81A2C0 49] Android_PowerVR_GT7xxx, [000002608C4E9800][000002608A81E440 49] Android_PowerVR_GE8xxx, [000002608C44B400][000002608A8225C0 49] Android_PowerVR_GM9xxx, [000002608C4EA100][000002608A826740 49] Android_PowerVR_GM9xxx_Vulkan, [000002608C448F00][000002608A82A8C0 49] Android_TegraK1, [000002608C4E9F00][00000260FD9AAA00 49] Android_Unknown_Vulkan, [000002608C44B700][000002608A82EB40 49] Lumin, [000002608C4E9700][000002608A832C80 49] Lumin_Desktop, [000002608C44B200][000002608A836DC0 49] HoloLens, 
[2022.02.09-09.12.38:394][  0]LogMeshReduction: Using QuadricMeshReduction for automatic static mesh reduction
[2022.02.09-09.12.38:394][  0]LogMeshReduction: Using SimplygonMeshReduction for automatic skeletal mesh reduction
[2022.02.09-09.12.38:394][  0]LogMeshReduction: Using ProxyLODMeshReduction for automatic mesh merging
[2022.02.09-09.12.38:394][  0]LogMeshReduction: No distributed automatic mesh merging module available
[2022.02.09-09.12.38:394][  0]LogMeshMerging: No distributed automatic mesh merging module available
[2022.02.09-09.12.38:411][  0]LogNetVersion: FirstMenu 1.0.0, NetCL: 17155196, EngineNetVer: 17, GameNetVer: 0 (Checksum: 1045998926)
[2022.02.09-09.12.38:864][  0]LogTexture: Default maximum texture size for cubemaps generated from long-lat sources has been changed from 512 to unlimited. In order to preserve old behaiour for '/Engine/MapTemplates/Sky/DaylightAmbientCubemap.DaylightAmbientCubemap', its maximum texture size has been explicitly set to 512.
[2022.02.09-09.12.38:919][  0]LogHMD: PokeAHoleMaterial loaded successfully
[2022.02.09-09.12.38:925][  0]LogUObjectArray: 17178 objects as part of root set at end of initial load.
[2022.02.09-09.12.38:925][  0]LogUObjectAllocator: 4301856 out of 0 bytes used by permanent object pool.
[2022.02.09-09.12.38:925][  0]LogUObjectArray: CloseDisregardForGC: 0/0 objects in disregard for GC pool
[2022.02.09-09.12.39:261][  0]LogNiagaraDebuggerClient: Niagara Debugger Client Initialized | Session: 787282E2441B9C0356E495AD4A2E67E3 | Instance: 0B82778449806ADF175EB69CBC01C180 (LAPTOP-MODDRH1S-19972).
[2022.02.09-09.12.39:301][  0]LogImageWrapper: Warning: PNG Warning: Duplicate iCCP chunk
[2022.02.09-09.12.39:301][  0]LogImageWrapper: Warning: PNG Warning: Duplicate iCCP chunk
[2022.02.09-09.12.39:301][  0]LogPython: Using Python 3.7.7
[2022.02.09-09.12.39:844][  0]LogUdpMessaging: Initializing bridge on interface 0.0.0.0:0 to multicast group 230.0.0.1:6666.
[2022.02.09-09.12.39:852][  0]LogTcpMessaging: Initializing TcpMessaging bridge
[2022.02.09-09.12.40:079][  0]SourceControl: Source control is disabled
[2022.02.09-09.12.40:079][  0]SourceControl: Source control is disabled
[2022.02.09-09.12.40:083][  0]SourceControl: Source control is disabled
[2022.02.09-09.12.40:086][  0]SourceControl: Source control is disabled
[2022.02.09-09.12.40:094][  0]SourceControl: Source control is disabled
[2022.02.09-09.12.40:098][  0]LogUProjectInfo: Found projects:
[2022.02.09-09.12.40:107][  0]LogVSAccessor: Display: Unable to create Visual Studio setup instance: 80040154
[2022.02.09-09.12.40:107][  0]LogVSAccessor: Display: Unable to create Visual Studio setup instance: 80040154
[2022.02.09-09.12.40:108][  0]LogVSAccessor: Display: Unable to create Visual Studio setup instance: 80040154
[2022.02.09-09.12.40:328][  0]LogOpenImageDenoise: OIDN starting up
[2022.02.09-09.12.40:419][  0]LogAudioCaptureCore: Display: No Audio Capture implementations found. Audio input will be silent.
[2022.02.09-09.12.40:419][  0]LogAudioCaptureCore: Display: No Audio Capture implementations found. Audio input will be silent.
[2022.02.09-09.12.40:433][  0]LogAndroidPermission: UAndroidPermissionCallbackProxy::GetInstance
[2022.02.09-09.12.40:636][  0]LogCollectionManager: Loaded 0 collections in 0.000760 seconds
[2022.02.09-09.12.40:666][  0]LogFileCache: Scanning file cache for directory 'D:/Ydays/FirstMenu/Saved/Collections/' took 0.00s
[2022.02.09-09.12.40:666][  0]LogFileCache: Scanning file cache for directory 'D:/Ydays/FirstMenu/Content/Developers/Antoine/Collections/' took 0.00s
[2022.02.09-09.12.40:666][  0]LogFileCache: Scanning file cache for directory 'D:/Ydays/FirstMenu/Content/Collections/' took 0.00s
[2022.02.09-09.12.40:666][  0]LogOcInput: OculusInput pre-init called
[2022.02.09-09.12.40:872][  0]LogImageWrapper: Warning: PNG Warning: Duplicate iCCP chunk
[2022.02.09-09.12.40:873][  0]LogImageWrapper: Warning: PNG Warning: Duplicate iCCP chunk
[2022.02.09-09.12.40:937][  0]LogEngine: Initializing Engine...
[2022.02.09-09.12.40:941][  0]LogHMD: Failed to enumerate extensions. Please check that you have a valid OpenXR runtime installed.
[2022.02.09-09.12.40:942][  0]LogHMD: Failed to initialize OpenVR with code 110
[2022.02.09-09.12.40:942][  0]LogMagicLeap: Warning: VR disabled because ZI is not enabled.  To enable, in the editor, Edit -> Project Settings -> Plugins -> Magic Leap Plugin -> Enable Zero Iteration
[2022.02.09-09.12.40:943][  0]LogStats: UGameplayTagsManager::InitializeManager -  0.000 s
[2022.02.09-09.12.41:087][  0]LogInit: Initializing FReadOnlyCVARCache
[2022.02.09-09.12.41:103][  0]LogAIModule: Creating AISystem for world Untitled
[2022.02.09-09.12.41:103][  0]LogAudio: Display: Initializing Audio Device Manager...
[2022.02.09-09.12.41:108][  0]LogAudio: Display: Loading Default Audio Settings Objects...
[2022.02.09-09.12.41:110][  0]LogAudio: Display: No default SoundConcurrencyObject specified (or failed to load).
[2022.02.09-09.12.41:111][  0]LogAudio: Display: Audio Device Manager Initialized
[2022.02.09-09.12.41:111][  0]LogAudio: Display: Creating Audio Device:                 Id: 1, Scope: Shared, Realtime: True
[2022.02.09-09.12.41:111][  0]LogAudioMixer: Display: Audio Mixer Platform Settings:
[2022.02.09-09.12.41:111][  0]LogAudioMixer: Display: 	Sample Rate:						  48000
[2022.02.09-09.12.41:111][  0]LogAudioMixer: Display: 	Callback Buffer Frame Size Requested: 1024
[2022.02.09-09.12.41:111][  0]LogAudioMixer: Display: 	Callback Buffer Frame Size To Use:	  1024
[2022.02.09-09.12.41:111][  0]LogAudioMixer: Display: 	Number of buffers to queue:			  2
[2022.02.09-09.12.41:111][  0]LogAudioMixer: Display: 	Max Channels (voices):				  32
[2022.02.09-09.12.41:111][  0]LogAudioMixer: Display: 	Number of Async Source Workers:		  0
[2022.02.09-09.12.41:111][  0]LogAudio: Display: AudioDevice MaxSources: 32
[2022.02.09-09.12.41:111][  0]LogAudio: Display: Audio Spatialization Plugin: None (built-in).
[2022.02.09-09.12.41:111][  0]LogAudio: Display: Audio Reverb Plugin: None (built-in).
[2022.02.09-09.12.41:111][  0]LogAudio: Display: Audio Occlusion Plugin: None (built-in).
[2022.02.09-09.12.41:111][  0]LogAudioMixer: Display: Initializing audio mixer.
[2022.02.09-09.12.41:164][  0]LogAudioMixer: Display: 0: FrontLeft
[2022.02.09-09.12.41:164][  0]LogAudioMixer: Display: 1: FrontRight
[2022.02.09-09.12.41:183][  0]LogAudioMixer: Display: Using Audio Device Casque pour téléphone (CORSAIR VOID ELITE Wireless Gaming Dongle)
[2022.02.09-09.12.41:185][  0]LogAudioMixer: Display: Initializing Sound Submixes...
[2022.02.09-09.12.41:189][  0]LogAudioMixer: Display: Creating Master Submix 'MasterSubmixDefault'
[2022.02.09-09.12.41:190][  0]LogAudioMixer: Display: Creating Master Submix 'MasterReverbSubmixDefault'
[2022.02.09-09.12.41:191][  0]LogAudioMixer: Display: Creating Master Submix 'MasterEQSubmixDefault'
[2022.02.09-09.12.41:191][  0]LogAudioMixer: FMixerPlatformXAudio2::StartAudioStream() called
[2022.02.09-09.12.41:191][  0]LogAudioMixer: Display: Output buffers initialized: Frames=1024, Channels=2, Samples=2048
[2022.02.09-09.12.41:192][  0]LogAudioMixer: Display: Starting AudioMixerPlatformInterface::RunInternal()
[2022.02.09-09.12.41:192][  0]LogAudioMixer: Display: FMixerPlatformXAudio2::SubmitBuffer() called for the first time
[2022.02.09-09.12.41:192][  0]LogInit: FAudioDevice initialized.
[2022.02.09-09.12.41:192][  0]LogAudio: Display: Audio Device (ID: 1) registered with world 'Untitled'.
[2022.02.09-09.12.41:192][  0]LogNetVersion: Set ProjectVersion to 1.0.0.0. Version Checksum will be recalculated on next use.
[2022.02.09-09.12.41:281][  0]LogDerivedDataCache: Saved boot cache 0.09s 132MB C:/Users/Antoine/AppData/Local/UnrealEngine/4.27/DerivedDataCache/Boot.ddc.
[2022.02.09-09.12.41:283][  0]LogInit: Texture streaming: Enabled
[2022.02.09-09.12.41:298][  0]LogAnalytics: Display: [UEEditor.Rocket.Release] APIServer = https://datarouter.ol.epicgames.com/. AppVersion = 4.27.1-17735300+++UE4+Release-4.27
[2022.02.09-09.12.41:303][  0]LogEngineSessionManager: EngineSessionManager initialized
[2022.02.09-09.12.41:303][  0]LogEditorSessionSummary: Verbose: Initializing EditorSessionSummaryWriter for editor session tracking
[2022.02.09-09.12.41:309][  0]LogEditorSessionSummary: EditorSessionSummaryWriter initialized
[2022.02.09-09.12.41:371][  0]LogInit: Transaction tracking system initialized
[2022.02.09-09.12.41:396][  0]BlueprintLog: New page: Editor Load
[2022.02.09-09.12.41:480][  0]LocalizationService: Localization service is disabled
[2022.02.09-09.12.41:508][  0]TimingProfiler: Initialize
[2022.02.09-09.12.41:508][  0]TimingProfiler: OnSessionChanged
[2022.02.09-09.12.41:508][  0]LoadingProfiler: Initialize
[2022.02.09-09.12.41:508][  0]LoadingProfiler: OnSessionChanged
[2022.02.09-09.12.41:508][  0]NetworkingProfiler: Initialize
[2022.02.09-09.12.41:508][  0]NetworkingProfiler: OnSessionChanged
[2022.02.09-09.12.41:508][  0]MemoryProfiler: Initialize
[2022.02.09-09.12.41:508][  0]MemoryProfiler: OnSessionChanged
[2022.02.09-09.12.41:653][  0]LogSlate: Took 0.000299 seconds to synchronously load lazily loaded font '../../../Engine/Content/Slate/Fonts/Roboto-Regular.ttf' (155K)
[2022.02.09-09.12.57:126][  0]LogSlate: Window 'Low drive space warning' being destroyed
[2022.02.09-09.12.57:128][  0]LogWindowsTextInputMethodSystem: Display: IME system deactivated.
[2022.02.09-09.12.57:134][  0]Message dialog closed, result: Ok, title: Low drive space warning, text: The following drive locations have limited free space.
It is recommended that you free some space to avoid issues such as crashed and data loss due to files not being able to be written and saved.

  258 MB Free 		 C:/Users/Antoine/OneDrive - Ynov/Documents/
 				 User directory where user specific settings are stored. 

[2022.02.09-09.12.57:135][  0]LogVSAccessor: Display: Unable to create Visual Studio setup instance: 80040154
[2022.02.09-09.12.57:137][  0]LogVSAccessor: Display: Unable to create Visual Studio setup instance: 80040154
[2022.02.09-09.12.57:141][  0]LogVSAccessor: Display: Unable to create Visual Studio setup instance: 80040154
[2022.02.09-09.12.57:316][  0]LogCook: Display: CookSettings for Memory: MemoryMaxUsedVirtual 0MiB, MemoryMaxUsedPhysical 16384MiB, MemoryMinFreeVirtual 0MiB, MemoryMinFreePhysical 1024MiB
[2022.02.09-09.12.57:316][  0]LogCook: Display: Mobile HDR setting 1
[2022.02.09-09.12.57:560][  0]LogFileCache: Scanning file cache for directory 'D:/Ydays/FirstMenu/Content/' took 0.01s
[2022.02.09-09.12.57:768][  0]LogImageWrapper: Warning: PNG Warning: Duplicate iCCP chunk
[2022.02.09-09.12.57:768][  0]LogImageWrapper: Warning: PNG Warning: Duplicate iCCP chunk
[2022.02.09-09.12.57:768][  0]LogInit: Display: Engine is initialized. Leaving FEngineLoop::Init()
[2022.02.09-09.12.57:774][  0]SourceControl: Source control is disabled
[2022.02.09-09.12.57:774][  0]LogUnrealEdMisc: Loading editor; pre map load, took 23.614
[2022.02.09-09.12.57:774][  0]Cmd: MAP LOAD FILE="../../../../../Ydays/FirstMenu/Content/ThirdPersonBP/Maps/ThirdPersonExampleMap.umap" TEMPLATE=0 SHOWPROGRESS=1 FEATURELEVEL=3
[2022.02.09-09.12.57:774][  0]LightingResults: New page: Lighting Build
[2022.02.09-09.12.57:776][  0]LogWorld: UWorld::CleanupWorld for Untitled, bSessionEnded=true, bCleanupResources=true
[2022.02.09-09.12.57:776][  0]LogSlate: InvalidateAllWidgets triggered.  All widgets were invalidated
[2022.02.09-09.12.57:776][  0]MapCheck: New page: Map Check
[2022.02.09-09.12.57:776][  0]LightingResults: New page: Lighting Build
[2022.02.09-09.12.57:784][  0]LogAudio: Display: Audio Device unregistered from world 'None'.
[2022.02.09-09.12.57:788][  0]LogUObjectHash: Compacting FUObjectHashTables data took   1.04ms
[2022.02.09-09.12.57:944][  0]LogAudio: Display: Audio Device (ID: 1) registered with world 'ThirdPersonExampleMap'.
[2022.02.09-09.12.57:945][  0]LogAIModule: Creating AISystem for world ThirdPersonExampleMap
[2022.02.09-09.12.57:952][  0]LogEditorServer: Finished looking for orphan Actors (0.000 secs)
[2022.02.09-09.12.57:976][  0]LogUObjectHash: Compacting FUObjectHashTables data took   0.99ms
[2022.02.09-09.12.57:977][  0]Cmd: MAP CHECKDEP NOCLEARLOG
[2022.02.09-09.12.57:977][  0]MapCheck: Map check complete: 0 Error(s), 0 Warning(s), took 0,164ms to complete.
[2022.02.09-09.12.57:978][  0]LogFileHelpers: Loading map 'ThirdPersonExampleMap' took 0.204
[2022.02.09-09.12.57:980][  0]LogUnrealEdMisc: Total Editor Startup Time, took 23.821
[2022.02.09-09.12.58:056][  0]LogWindowsTextInputMethodSystem: Display: IME system deactivated.
[2022.02.09-09.12.58:120][  0]LogSlate: Updating window title bar state: overlay mode, drag disabled, window buttons hidden, title bar hidden
[2022.02.09-09.12.58:128][  0]LogSlate: Updating window title bar state: overlay mode, drag disabled, window buttons hidden, title bar hidden
[2022.02.09-09.12.58:135][  0]LogSlate: Updating window title bar state: overlay mode, drag disabled, window buttons hidden, title bar hidden
[2022.02.09-09.12.58:142][  0]LogSlate: Updating window title bar state: overlay mode, drag disabled, window buttons hidden, title bar hidden
[2022.02.09-09.12.58:159][  0]LogNativeClassHierarchy: Verbose: Native class hierarchy populated in 0.0108 seconds. Added 3822 classes and 928 folders.
[2022.02.09-09.12.58:161][  0]LogNativeClassHierarchy: Verbose: Native class hierarchy updated for 'WidgetCarousel' in 0.0003 seconds. Added 0 classes and 0 folders.
[2022.02.09-09.12.58:163][  0]LogPakFile: PakFile PrimaryIndexSize=187
[2022.02.09-09.12.58:164][  0]LogPakFile: PakFile PathHashIndexSize=101
[2022.02.09-09.12.58:164][  0]LogPakFile: PakFile FullDirectoryIndexSize=148
[2022.02.09-09.12.58:164][  0]LogShaderLibrary: Display: ShaderCodeLibraryPakFileMountedCallback: PakFile 'D:/Unreal_Engine/UE_4.27/FeaturePacks/FP_FirstPerson.upack' (chunk index -1, root 'root:/') mounted
[2022.02.09-09.12.58:164][  0]LogShaderLibrary: Display: ShaderCodeLibraryPakFileMountedCallback: pending pak file info (ChunkID:-1 Root:root:/ File:D:/Unreal_Engine/UE_4.27/FeaturePacks/FP_FirstPerson.upack)
[2022.02.09-09.12.58:164][  0]LogPakFile: OnPakFileMounted2Time == 0.000052
[2022.02.09-09.12.58:165][  0]LogPakFile: PakFile PrimaryIndexSize=189
[2022.02.09-09.12.58:165][  0]LogPakFile: PakFile PathHashIndexSize=101
[2022.02.09-09.12.58:165][  0]LogPakFile: PakFile FullDirectoryIndexSize=152
[2022.02.09-09.12.58:165][  0]LogShaderLibrary: Display: ShaderCodeLibraryPakFileMountedCallback: PakFile 'D:/Unreal_Engine/UE_4.27/FeaturePacks/FP_FirstPersonBP.upack' (chunk index -1, root 'root:/') mounted
[2022.02.09-09.12.58:165][  0]LogShaderLibrary: Display: ShaderCodeLibraryPakFileMountedCallback: pending pak file info (ChunkID:-1 Root:root:/ File:D:/Unreal_Engine/UE_4.27/FeaturePacks/FP_FirstPersonBP.upack)
[2022.02.09-09.12.58:165][  0]LogPakFile: OnPakFileMounted2Time == 0.000039
[2022.02.09-09.12.58:166][  0]LogPakFile: PakFile PrimaryIndexSize=191
[2022.02.09-09.12.58:166][  0]LogPakFile: PakFile PathHashIndexSize=101
[2022.02.09-09.12.58:166][  0]LogPakFile: PakFile FullDirectoryIndexSize=160
[2022.02.09-09.12.58:166][  0]LogShaderLibrary: Display: ShaderCodeLibraryPakFileMountedCallback: PakFile 'D:/Unreal_Engine/UE_4.27/FeaturePacks/MobileStarterContent.upack' (chunk index -1, root 'root:/') mounted
[2022.02.09-09.12.58:166][  0]LogShaderLibrary: Display: ShaderCodeLibraryPakFileMountedCallback: pending pak file info (ChunkID:-1 Root:root:/ File:D:/Unreal_Engine/UE_4.27/FeaturePacks/MobileStarterContent.upack)
[2022.02.09-09.12.58:166][  0]LogPakFile: OnPakFileMounted2Time == 0.000034
[2022.02.09-09.12.58:166][  0]LogPakFile: PakFile PrimaryIndexSize=185
[2022.02.09-09.12.58:167][  0]LogPakFile: PakFile PathHashIndexSize=101
[2022.02.09-09.12.58:167][  0]LogPakFile: PakFile FullDirectoryIndexSize=148
[2022.02.09-09.12.58:167][  0]LogShaderLibrary: Display: ShaderCodeLibraryPakFileMountedCallback: PakFile 'D:/Unreal_Engine/UE_4.27/FeaturePacks/StarterContent.upack' (chunk index -1, root 'root:/') mounted
[2022.02.09-09.12.58:167][  0]LogShaderLibrary: Display: ShaderCodeLibraryPakFileMountedCallback: pending pak file info (ChunkID:-1 Root:root:/ File:D:/Unreal_Engine/UE_4.27/FeaturePacks/StarterContent.upack)
[2022.02.09-09.12.58:167][  0]LogPakFile: OnPakFileMounted2Time == 0.000052
[2022.02.09-09.12.58:168][  0]LogPakFile: PakFile PrimaryIndexSize=190
[2022.02.09-09.12.58:168][  0]LogPakFile: PakFile PathHashIndexSize=101
[2022.02.09-09.12.58:168][  0]LogPakFile: PakFile FullDirectoryIndexSize=154
[2022.02.09-09.12.58:168][  0]LogShaderLibrary: Display: ShaderCodeLibraryPakFileMountedCallback: PakFile 'D:/Unreal_Engine/UE_4.27/FeaturePacks/TP_2DSideScroller.upack' (chunk index -1, root 'root:/') mounted
[2022.02.09-09.12.58:168][  0]LogShaderLibrary: Display: ShaderCodeLibraryPakFileMountedCallback: pending pak file info (ChunkID:-1 Root:root:/ File:D:/Unreal_Engine/UE_4.27/FeaturePacks/TP_2DSideScroller.upack)
[2022.02.09-09.12.58:168][  0]LogPakFile: OnPakFileMounted2Time == 0.000042
[2022.02.09-09.12.58:169][  0]LogPakFile: PakFile PrimaryIndexSize=192
[2022.02.09-09.12.58:169][  0]LogPakFile: PakFile PathHashIndexSize=101
[2022.02.09-09.12.58:169][  0]LogPakFile: PakFile FullDirectoryIndexSize=158
[2022.02.09-09.12.58:169][  0]LogShaderLibrary: Display: ShaderCodeLibraryPakFileMountedCallback: PakFile 'D:/Unreal_Engine/UE_4.27/FeaturePacks/TP_2DSideScrollerBP.upack' (chunk index -1, root 'root:/') mounted
[2022.02.09-09.12.58:169][  0]LogShaderLibrary: Display: ShaderCodeLibraryPakFileMountedCallback: pending pak file info (ChunkID:-1 Root:root:/ File:D:/Unreal_Engine/UE_4.27/FeaturePacks/TP_2DSideScrollerBP.upack)
[2022.02.09-09.12.58:169][  0]LogPakFile: OnPakFileMounted2Time == 0.000039
[2022.02.09-09.12.58:170][  0]LogPakFile: PakFile PrimaryIndexSize=182
[2022.02.09-09.12.58:170][  0]LogPakFile: PakFile PathHashIndexSize=101
[2022.02.09-09.12.58:170][  0]LogPakFile: PakFile FullDirectoryIndexSize=138
[2022.02.09-09.12.58:170][  0]LogShaderLibrary: Display: ShaderCodeLibraryPakFileMountedCallback: PakFile 'D:/Unreal_Engine/UE_4.27/FeaturePacks/TP_Flying.upack' (chunk index -1, root 'root:/') mounted
[2022.02.09-09.12.58:170][  0]LogShaderLibrary: Display: ShaderCodeLibraryPakFileMountedCallback: pending pak file info (ChunkID:-1 Root:root:/ File:D:/Unreal_Engine/UE_4.27/FeaturePacks/TP_Flying.upack)
[2022.02.09-09.12.58:170][  0]LogPakFile: OnPakFileMounted2Time == 0.000037
[2022.02.09-09.12.58:171][  0]LogPakFile: PakFile PrimaryIndexSize=184
[2022.02.09-09.12.58:171][  0]LogPakFile: PakFile PathHashIndexSize=101
[2022.02.09-09.12.58:171][  0]LogPakFile: PakFile FullDirectoryIndexSize=142
[2022.02.09-09.12.58:171][  0]LogShaderLibrary: Display: ShaderCodeLibraryPakFileMountedCallback: PakFile 'D:/Unreal_Engine/UE_4.27/FeaturePacks/TP_FlyingBP.upack' (chunk index -1, root 'root:/') mounted
[2022.02.09-09.12.58:171][  0]LogShaderLibrary: Display: ShaderCodeLibraryPakFileMountedCallback: pending pak file info (ChunkID:-1 Root:root:/ File:D:/Unreal_Engine/UE_4.27/FeaturePacks/TP_FlyingBP.upack)
[2022.02.09-09.12.58:171][  0]LogPakFile: OnPakFileMounted2Time == 0.000038
[2022.02.09-09.12.58:172][  0]LogPakFile: PakFile PrimaryIndexSize=188
[2022.02.09-09.12.58:172][  0]LogPakFile: PakFile PathHashIndexSize=101
[2022.02.09-09.12.58:172][  0]LogPakFile: PakFile FullDirectoryIndexSize=150
[2022.02.09-09.12.58:172][  0]LogShaderLibrary: Display: ShaderCodeLibraryPakFileMountedCallback: PakFile 'D:/Unreal_Engine/UE_4.27/FeaturePacks/TP_HandheldARBP.upack' (chunk index -1, root 'root:/') mounted
[2022.02.09-09.12.58:172][  0]LogShaderLibrary: Display: ShaderCodeLibraryPakFileMountedCallback: pending pak file info (ChunkID:-1 Root:root:/ File:D:/Unreal_Engine/UE_4.27/FeaturePacks/TP_HandheldARBP.upack)
[2022.02.09-09.12.58:172][  0]LogPakFile: OnPakFileMounted2Time == 0.000032
[2022.02.09-09.12.58:174][  0]LogPakFile: PakFile PrimaryIndexSize=182
[2022.02.09-09.12.58:174][  0]LogPakFile: PakFile PathHashIndexSize=101
[2022.02.09-09.12.58:174][  0]LogPakFile: PakFile FullDirectoryIndexSize=138
[2022.02.09-09.12.58:174][  0]LogShaderLibrary: Display: ShaderCodeLibraryPakFileMountedCallback: PakFile 'D:/Unreal_Engine/UE_4.27/FeaturePacks/TP_Puzzle.upack' (chunk index -1, root 'root:/') mounted
[2022.02.09-09.12.58:174][  0]LogShaderLibrary: Display: ShaderCodeLibraryPakFileMountedCallback: pending pak file info (ChunkID:-1 Root:root:/ File:D:/Unreal_Engine/UE_4.27/FeaturePacks/TP_Puzzle.upack)
[2022.02.09-09.12.58:174][  0]LogPakFile: OnPakFileMounted2Time == 0.000039
[2022.02.09-09.12.58:175][  0]LogPakFile: PakFile PrimaryIndexSize=184
[2022.02.09-09.12.58:175][  0]LogPakFile: PakFile PathHashIndexSize=101
[2022.02.09-09.12.58:175][  0]LogPakFile: PakFile FullDirectoryIndexSize=142
[2022.02.09-09.12.58:175][  0]LogShaderLibrary: Display: ShaderCodeLibraryPakFileMountedCallback: PakFile 'D:/Unreal_Engine/UE_4.27/FeaturePacks/TP_PuzzleBP.upack' (chunk index -1, root 'root:/') mounted
[2022.02.09-09.12.58:175][  0]LogShaderLibrary: Display: ShaderCodeLibraryPakFileMountedCallback: pending pak file info (ChunkID:-1 Root:root:/ File:D:/Unreal_Engine/UE_4.27/FeaturePacks/TP_PuzzleBP.upack)
[2022.02.09-09.12.58:175][  0]LogPakFile: OnPakFileMounted2Time == 0.000034
[2022.02.09-09.12.58:175][  0]LogPakFile: PakFile PrimaryIndexSize=183
[2022.02.09-09.12.58:175][  0]LogPakFile: PakFile PathHashIndexSize=101
[2022.02.09-09.12.58:176][  0]LogPakFile: PakFile FullDirectoryIndexSize=140
[2022.02.09-09.12.58:176][  0]LogShaderLibrary: Display: ShaderCodeLibraryPakFileMountedCallback: PakFile 'D:/Unreal_Engine/UE_4.27/FeaturePacks/TP_Rolling.upack' (chunk index -1, root 'root:/') mounted
[2022.02.09-09.12.58:176][  0]LogShaderLibrary: Display: ShaderCodeLibraryPakFileMountedCallback: pending pak file info (ChunkID:-1 Root:root:/ File:D:/Unreal_Engine/UE_4.27/FeaturePacks/TP_Rolling.upack)
[2022.02.09-09.12.58:176][  0]LogPakFile: OnPakFileMounted2Time == 0.000059
[2022.02.09-09.12.58:176][  0]LogPakFile: PakFile PrimaryIndexSize=185
[2022.02.09-09.12.58:176][  0]LogPakFile: PakFile PathHashIndexSize=101
[2022.02.09-09.12.58:177][  0]LogPakFile: PakFile FullDirectoryIndexSize=144
[2022.02.09-09.12.58:177][  0]LogShaderLibrary: Display: ShaderCodeLibraryPakFileMountedCallback: PakFile 'D:/Unreal_Engine/UE_4.27/FeaturePacks/TP_RollingBP.upack' (chunk index -1, root 'root:/') mounted
[2022.02.09-09.12.58:177][  0]LogShaderLibrary: Display: ShaderCodeLibraryPakFileMountedCallback: pending pak file info (ChunkID:-1 Root:root:/ File:D:/Unreal_Engine/UE_4.27/FeaturePacks/TP_RollingBP.upack)
[2022.02.09-09.12.58:177][  0]LogPakFile: OnPakFileMounted2Time == 0.000034
[2022.02.09-09.12.58:177][  0]LogPakFile: PakFile PrimaryIndexSize=188
[2022.02.09-09.12.58:177][  0]LogPakFile: PakFile PathHashIndexSize=101
[2022.02.09-09.12.58:177][  0]LogPakFile: PakFile FullDirectoryIndexSize=150
[2022.02.09-09.12.58:178][  0]LogShaderLibrary: Display: ShaderCodeLibraryPakFileMountedCallback: PakFile 'D:/Unreal_Engine/UE_4.27/FeaturePacks/TP_SideScroller.upack' (chunk index -1, root 'root:/') mounted
[2022.02.09-09.12.58:178][  0]LogShaderLibrary: Display: ShaderCodeLibraryPakFileMountedCallback: pending pak file info (ChunkID:-1 Root:root:/ File:D:/Unreal_Engine/UE_4.27/FeaturePacks/TP_SideScroller.upack)
[2022.02.09-09.12.58:178][  0]LogPakFile: OnPakFileMounted2Time == 0.000064
[2022.02.09-09.12.58:178][  0]LogPakFile: PakFile PrimaryIndexSize=190
[2022.02.09-09.12.58:179][  0]LogPakFile: PakFile PathHashIndexSize=101
[2022.02.09-09.12.58:179][  0]LogPakFile: PakFile FullDirectoryIndexSize=154
[2022.02.09-09.12.58:179][  0]LogShaderLibrary: Display: ShaderCodeLibraryPakFileMountedCallback: PakFile 'D:/Unreal_Engine/UE_4.27/FeaturePacks/TP_SideScrollerBP.upack' (chunk index -1, root 'root:/') mounted
[2022.02.09-09.12.58:179][  0]LogShaderLibrary: Display: ShaderCodeLibraryPakFileMountedCallback: pending pak file info (ChunkID:-1 Root:root:/ File:D:/Unreal_Engine/UE_4.27/FeaturePacks/TP_SideScrollerBP.upack)
[2022.02.09-09.12.58:179][  0]LogPakFile: OnPakFileMounted2Time == 0.000046
[2022.02.09-09.12.58:180][  0]LogPakFile: PakFile PrimaryIndexSize=187
[2022.02.09-09.12.58:180][  0]LogPakFile: PakFile PathHashIndexSize=101
[2022.02.09-09.12.58:180][  0]LogPakFile: PakFile FullDirectoryIndexSize=148
[2022.02.09-09.12.58:180][  0]LogShaderLibrary: Display: ShaderCodeLibraryPakFileMountedCallback: PakFile 'D:/Unreal_Engine/UE_4.27/FeaturePacks/TP_ThirdPerson.upack' (chunk index -1, root 'root:/') mounted
[2022.02.09-09.12.58:180][  0]LogShaderLibrary: Display: ShaderCodeLibraryPakFileMountedCallback: pending pak file info (ChunkID:-1 Root:root:/ File:D:/Unreal_Engine/UE_4.27/FeaturePacks/TP_ThirdPerson.upack)
[2022.02.09-09.12.58:180][  0]LogPakFile: OnPakFileMounted2Time == 0.000038
[2022.02.09-09.12.58:181][  0]LogPakFile: PakFile PrimaryIndexSize=189
[2022.02.09-09.12.58:181][  0]LogPakFile: PakFile PathHashIndexSize=101
[2022.02.09-09.12.58:181][  0]LogPakFile: PakFile FullDirectoryIndexSize=152
[2022.02.09-09.12.58:181][  0]LogShaderLibrary: Display: ShaderCodeLibraryPakFileMountedCallback: PakFile 'D:/Unreal_Engine/UE_4.27/FeaturePacks/TP_ThirdPersonBP.upack' (chunk index -1, root 'root:/') mounted
[2022.02.09-09.12.58:181][  0]LogShaderLibrary: Display: ShaderCodeLibraryPakFileMountedCallback: pending pak file info (ChunkID:-1 Root:root:/ File:D:/Unreal_Engine/UE_4.27/FeaturePacks/TP_ThirdPersonBP.upack)
[2022.02.09-09.12.58:181][  0]LogPakFile: OnPakFileMounted2Time == 0.000034
[2022.02.09-09.12.58:182][  0]LogPakFile: PakFile PrimaryIndexSize=183
[2022.02.09-09.12.58:182][  0]LogPakFile: PakFile PathHashIndexSize=101
[2022.02.09-09.12.58:182][  0]LogPakFile: PakFile FullDirectoryIndexSize=140
[2022.02.09-09.12.58:182][  0]LogShaderLibrary: Display: ShaderCodeLibraryPakFileMountedCallback: PakFile 'D:/Unreal_Engine/UE_4.27/FeaturePacks/TP_TopDown.upack' (chunk index -1, root 'root:/') mounted
[2022.02.09-09.12.58:182][  0]LogShaderLibrary: Display: ShaderCodeLibraryPakFileMountedCallback: pending pak file info (ChunkID:-1 Root:root:/ File:D:/Unreal_Engine/UE_4.27/FeaturePacks/TP_TopDown.upack)
[2022.02.09-09.12.58:182][  0]LogPakFile: OnPakFileMounted2Time == 0.000067
[2022.02.09-09.12.58:183][  0]LogPakFile: PakFile PrimaryIndexSize=185
[2022.02.09-09.12.58:183][  0]LogPakFile: PakFile PathHashIndexSize=101
[2022.02.09-09.12.58:183][  0]LogPakFile: PakFile FullDirectoryIndexSize=144
[2022.02.09-09.12.58:183][  0]LogShaderLibrary: Display: ShaderCodeLibraryPakFileMountedCallback: PakFile 'D:/Unreal_Engine/UE_4.27/FeaturePacks/TP_TopDownBP.upack' (chunk index -1, root 'root:/') mounted
[2022.02.09-09.12.58:183][  0]LogShaderLibrary: Display: ShaderCodeLibraryPakFileMountedCallback: pending pak file info (ChunkID:-1 Root:root:/ File:D:/Unreal_Engine/UE_4.27/FeaturePacks/TP_TopDownBP.upack)
[2022.02.09-09.12.58:183][  0]LogPakFile: OnPakFileMounted2Time == 0.000042
[2022.02.09-09.12.58:184][  0]LogPakFile: PakFile PrimaryIndexSize=185
[2022.02.09-09.12.58:184][  0]LogPakFile: PakFile PathHashIndexSize=101
[2022.02.09-09.12.58:184][  0]LogPakFile: PakFile FullDirectoryIndexSize=144
[2022.02.09-09.12.58:184][  0]LogShaderLibrary: Display: ShaderCodeLibraryPakFileMountedCallback: PakFile 'D:/Unreal_Engine/UE_4.27/FeaturePacks/TP_TwinStick.upack' (chunk index -1, root 'root:/') mounted
[2022.02.09-09.12.58:184][  0]LogShaderLibrary: Display: ShaderCodeLibraryPakFileMountedCallback: pending pak file info (ChunkID:-1 Root:root:/ File:D:/Unreal_Engine/UE_4.27/FeaturePacks/TP_TwinStick.upack)
[2022.02.09-09.12.58:184][  0]LogPakFile: OnPakFileMounted2Time == 0.000034
[2022.02.09-09.12.58:185][  0]LogPakFile: PakFile PrimaryIndexSize=187
[2022.02.09-09.12.58:185][  0]LogPakFile: PakFile PathHashIndexSize=101
[2022.02.09-09.12.58:185][  0]LogPakFile: PakFile FullDirectoryIndexSize=148
[2022.02.09-09.12.58:185][  0]LogShaderLibrary: Display: ShaderCodeLibraryPakFileMountedCallback: PakFile 'D:/Unreal_Engine/UE_4.27/FeaturePacks/TP_TwinStickBP.upack' (chunk index -1, root 'root:/') mounted
[2022.02.09-09.12.58:185][  0]LogShaderLibrary: Display: ShaderCodeLibraryPakFileMountedCallback: pending pak file info (ChunkID:-1 Root:root:/ File:D:/Unreal_Engine/UE_4.27/FeaturePacks/TP_TwinStickBP.upack)
[2022.02.09-09.12.58:185][  0]LogPakFile: OnPakFileMounted2Time == 0.000039
[2022.02.09-09.12.58:186][  0]LogPakFile: PakFile PrimaryIndexSize=183
[2022.02.09-09.12.58:186][  0]LogPakFile: PakFile PathHashIndexSize=101
[2022.02.09-09.12.58:186][  0]LogPakFile: PakFile FullDirectoryIndexSize=140
[2022.02.09-09.12.58:186][  0]LogShaderLibrary: Display: ShaderCodeLibraryPakFileMountedCallback: PakFile 'D:/Unreal_Engine/UE_4.27/FeaturePacks/TP_Vehicle.upack' (chunk index -1, root 'root:/') mounted
[2022.02.09-09.12.58:186][  0]LogShaderLibrary: Display: ShaderCodeLibraryPakFileMountedCallback: pending pak file info (ChunkID:-1 Root:root:/ File:D:/Unreal_Engine/UE_4.27/FeaturePacks/TP_Vehicle.upack)
[2022.02.09-09.12.58:186][  0]LogPakFile: OnPakFileMounted2Time == 0.000037
[2022.02.09-09.12.58:187][  0]LogPakFile: PakFile PrimaryIndexSize=186
[2022.02.09-09.12.58:187][  0]LogPakFile: PakFile PathHashIndexSize=101
[2022.02.09-09.12.58:187][  0]LogPakFile: PakFile FullDirectoryIndexSize=146
[2022.02.09-09.12.58:187][  0]LogShaderLibrary: Display: ShaderCodeLibraryPakFileMountedCallback: PakFile 'D:/Unreal_Engine/UE_4.27/FeaturePacks/TP_VehicleAdv.upack' (chunk index -1, root 'root:/') mounted
[2022.02.09-09.12.58:187][  0]LogShaderLibrary: Display: ShaderCodeLibraryPakFileMountedCallback: pending pak file info (ChunkID:-1 Root:root:/ File:D:/Unreal_Engine/UE_4.27/FeaturePacks/TP_VehicleAdv.upack)
[2022.02.09-09.12.58:187][  0]LogPakFile: OnPakFileMounted2Time == 0.000034
[2022.02.09-09.12.58:188][  0]LogPakFile: PakFile PrimaryIndexSize=188
[2022.02.09-09.12.58:188][  0]LogPakFile: PakFile PathHashIndexSize=101
[2022.02.09-09.12.58:188][  0]LogPakFile: PakFile FullDirectoryIndexSize=150
[2022.02.09-09.12.58:188][  0]LogShaderLibrary: Display: ShaderCodeLibraryPakFileMountedCallback: PakFile 'D:/Unreal_Engine/UE_4.27/FeaturePacks/TP_VehicleAdvBP.upack' (chunk index -1, root 'root:/') mounted
[2022.02.09-09.12.58:188][  0]LogShaderLibrary: Display: ShaderCodeLibraryPakFileMountedCallback: pending pak file info (ChunkID:-1 Root:root:/ File:D:/Unreal_Engine/UE_4.27/FeaturePacks/TP_VehicleAdvBP.upack)
[2022.02.09-09.12.58:188][  0]LogPakFile: OnPakFileMounted2Time == 0.000040
[2022.02.09-09.12.58:190][  0]LogPakFile: PakFile PrimaryIndexSize=185
[2022.02.09-09.12.58:190][  0]LogPakFile: PakFile PathHashIndexSize=101
[2022.02.09-09.12.58:190][  0]LogPakFile: PakFile FullDirectoryIndexSize=144
[2022.02.09-09.12.58:190][  0]LogShaderLibrary: Display: ShaderCodeLibraryPakFileMountedCallback: PakFile 'D:/Unreal_Engine/UE_4.27/FeaturePacks/TP_VehicleBP.upack' (chunk index -1, root 'root:/') mounted
[2022.02.09-09.12.58:190][  0]LogShaderLibrary: Display: ShaderCodeLibraryPakFileMountedCallback: pending pak file info (ChunkID:-1 Root:root:/ File:D:/Unreal_Engine/UE_4.27/FeaturePacks/TP_VehicleBP.upack)
[2022.02.09-09.12.58:190][  0]LogPakFile: OnPakFileMounted2Time == 0.000040
[2022.02.09-09.12.58:191][  0]LogPakFile: PakFile PrimaryIndexSize=192
[2022.02.09-09.12.58:191][  0]LogPakFile: PakFile PathHashIndexSize=101
[2022.02.09-09.12.58:191][  0]LogPakFile: PakFile FullDirectoryIndexSize=158
[2022.02.09-09.12.58:191][  0]LogShaderLibrary: Display: ShaderCodeLibraryPakFileMountedCallback: PakFile 'D:/Unreal_Engine/UE_4.27/FeaturePacks/TP_VirtualRealityBP.upack' (chunk index -1, root 'root:/') mounted
[2022.02.09-09.12.58:191][  0]LogShaderLibrary: Display: ShaderCodeLibraryPakFileMountedCallback: pending pak file info (ChunkID:-1 Root:root:/ File:D:/Unreal_Engine/UE_4.27/FeaturePacks/TP_VirtualRealityBP.upack)
[2022.02.09-09.12.58:191][  0]LogPakFile: OnPakFileMounted2Time == 0.000035
[2022.02.09-09.12.58:264][  0]LogNativeClassHierarchy: Verbose: Native class hierarchy updated for 'AddContentDialog' in 0.0003 seconds. Added 0 classes and 0 folders.
[2022.02.09-09.12.58:266][  0]LogNativeClassHierarchy: Verbose: Native class hierarchy updated for 'SceneOutliner' in 0.0003 seconds. Added 2 classes and 0 folders.
[2022.02.09-09.12.58:733][  0]LogSlate: Only BGRA pngs, bmps or icos are supported in by External Image Picker
[2022.02.09-09.12.58:877][  0]LogSlate: Took 0.006529 seconds to synchronously load lazily loaded font '../../../Engine/Content/Editor/Slate/Fonts/FontAwesome.ttf' (139K)
[2022.02.09-09.12.58:878][  0]LogSlate: Took 0.000363 seconds to synchronously load lazily loaded font '../../../Engine/Content/Slate/Fonts/Roboto-Bold.ttf' (160K)
[2022.02.09-09.12.58:971][  0]LogRenderer: Reallocating scene render targets to support 880x540 Format 10 NumSamples 1 (Frame:1).
[2022.02.09-09.12.59:274][  0]LogNativeClassHierarchy: Verbose: Native class hierarchy updated for 'HierarchicalLODOutliner' in 0.0003 seconds. Added 0 classes and 0 folders.
[2022.02.09-09.12.59:274][  0]LogInput: Warning: Action Jump uses invalid key OculusGo_Left_Trigger_Click.
[2022.02.09-09.12.59:274][  0]LogInput: Warning: Action ResetVR uses invalid key OculusGo_Left_Trackpad_Click.
[2022.02.09-09.12.59:274][  0]LogInput: Warning: Use -RemoveInvalidKeys to remove instances of these keys from the action mapping.
[2022.02.09-09.12.59:274][  0]LogLoad: (Engine Initialization) Total time: 25.12 seconds
[2022.02.09-09.12.59:274][  0]LogLoad: (Engine Initialization) Total Blueprint compile time: 0.00 seconds
[2022.02.09-09.12.59:360][  0]LogAssetRegistry: Asset discovery search completed in 21.3752 seconds
[2022.02.09-09.12.59:367][  0]LogCollectionManager: Fixed up redirectors for 0 collections in 0.000003 seconds (updated 0 objects)
[2022.02.09-09.12.59:369][  0]LogContentStreaming: Texture pool size now 1000 MB
[2022.02.09-09.16.45:387][130]LogSlate: Took 0.003297 seconds to synchronously load lazily loaded font '../../../Engine/Content/Slate/Fonts/Roboto-Light.ttf' (167K)
[2022.02.09-09.16.48:397][293]LogSlate: Window 'Open Level' being destroyed
[2022.02.09-09.24.59:267][128]LogHttp: Warning: 00000260DA79F900: invalid HTTP response code received. URL: https://datarouter.ol.epicgames.com/datarouter/api/v1/public/data?SessionID=%7B9B8D1976-4F4A-CDA7-D971-809CBEEAA9E4%7D&AppID=UEEditor.Rocket.Release&AppVersion=4.27.1-17735300%2B%2B%2BUE4%2BRelease-4.27&UserID=b9db3b9b44aed42163c42b8b2668da2c%7Ce527b3c07cf54a2d896f16b817b05947%7C9a2324a0-ebc1-45f6-9b6e-33619ed53758&AppEnvironment=datacollector-binary&UploadType=eteventstream, HTTP code: 0, content length: 0, actual payload size: 0
[2022.02.09-09.24.59:267][128]LogHttp: Warning: 00000260DA79F900: request failed, libcurl error: 56 (Failure when receiving data from the peer)
[2022.02.09-09.24.59:267][128]LogHttp: Warning: 00000260DA79F900: libcurl info message cache 0 (Found bundle for host datarouter.ol.epicgames.com: 0x260e1a07eb0 [can pipeline])
[2022.02.09-09.24.59:267][128]LogHttp: Warning: 00000260DA79F900: libcurl info message cache 1 (Re-using existing connection! (#0) with host datarouter.ol.epicgames.com)
[2022.02.09-09.24.59:267][128]LogHttp: Warning: 00000260DA79F900: libcurl info message cache 2 (Connected to datarouter.ol.epicgames.com (54.87.169.247) port 443 (#0))
[2022.02.09-09.24.59:267][128]LogHttp: Warning: 00000260DA79F900: libcurl info message cache 3 (We are completely uploaded and fine)
[2022.02.09-09.24.59:267][128]LogHttp: Warning: 00000260DA79F900: libcurl info message cache 4 (OpenSSL SSL_read: SSL_ERROR_SYSCALL, errno 10054)
[2022.02.09-09.24.59:267][128]LogHttp: Warning: 00000260DA79F900: libcurl info message cache 5 (Connection died, retrying a fresh connect)
[2022.02.09-09.24.59:267][128]LogHttp: Warning: 00000260DA79F900: libcurl info message cache 6 (necessary data rewind wasn't possible)
[2022.02.09-09.24.59:267][128]LogHttp: Warning: 00000260DA79F900: libcurl info message cache 7 (Closing connection 0)
[2022.02.09-09.24.59:267][128]LogHttp: Warning: Retry exhausted on https://datarouter.ol.epicgames.com/datarouter/api/v1/public/data?SessionID=%7B9B8D1976-4F4A-CDA7-D971-809CBEEAA9E4%7D&AppID=UEEditor.Rocket.Release&AppVersion=4.27.1-17735300%2B%2B%2BUE4%2BRelease-4.27&UserID=b9db3b9b44aed42163c42b8b2668da2c%7Ce527b3c07cf54a2d896f16b817b05947%7C9a2324a0-ebc1-45f6-9b6e-33619ed53758&AppEnvironment=datacollector-binary&UploadType=eteventstream
